This is pdfTeX, Version 3.14159265-2.6-1.40.20 (TeX Live 2019) (preloaded format=pdflatex 2019.5.8)  24 OCT 2019 01:42
entering extended mode
 restricted \write18 enabled.
 %&-line parsing enabled.
**GMMResults.tex
(./GMMResults.tex
LaTeX2e <2018-12-01>
(/usr/local/texlive/2019/texmf-dist/tex/latex/base/article.cls
Document Class: article 2018/09/03 v1.4i Standard LaTeX document class
(/usr/local/texlive/2019/texmf-dist/tex/latex/base/size10.clo
File: size10.clo 2018/09/03 v1.4i Standard LaTeX file (size option)
)
\c@part=\count80
\c@section=\count81
\c@subsection=\count82
\c@subsubsection=\count83
\c@paragraph=\count84
\c@subparagraph=\count85
\c@figure=\count86
\c@table=\count87
\abovecaptionskip=\skip41
\belowcaptionskip=\skip42
\bibindent=\dimen102
)
(/usr/local/texlive/2019/texmf-dist/tex/latex/graphics/graphicx.sty
Package: graphicx 2017/06/01 v1.1a Enhanced LaTeX Graphics (DPC,SPQR)

(/usr/local/texlive/2019/texmf-dist/tex/latex/graphics/keyval.sty
Package: keyval 2014/10/28 v1.15 key=value parser (DPC)
\KV@toks@=\toks14
)
(/usr/local/texlive/2019/texmf-dist/tex/latex/graphics/graphics.sty
Package: graphics 2017/06/25 v1.2c Standard LaTeX Graphics (DPC,SPQR)

(/usr/local/texlive/2019/texmf-dist/tex/latex/graphics/trig.sty
Package: trig 2016/01/03 v1.10 sin cos tan (DPC)
)
(/usr/local/texlive/2019/texmf-dist/tex/latex/graphics-cfg/graphics.cfg
File: graphics.cfg 2016/06/04 v1.11 sample graphics configuration
)
Package graphics Info: Driver file: pdftex.def on input line 99.

(/usr/local/texlive/2019/texmf-dist/tex/latex/graphics-def/pdftex.def
File: pdftex.def 2018/01/08 v1.0l Graphics/color driver for pdftex
))
\Gin@req@height=\dimen103
\Gin@req@width=\dimen104
)
(/usr/local/texlive/2019/texmf-dist/tex/latex/amsmath/amsmath.sty
Package: amsmath 2018/12/01 v2.17b AMS math features
\@mathmargin=\skip43

For additional information on amsmath, use the `?' option.
(/usr/local/texlive/2019/texmf-dist/tex/latex/amsmath/amstext.sty
Package: amstext 2000/06/29 v2.01 AMS text

(/usr/local/texlive/2019/texmf-dist/tex/latex/amsmath/amsgen.sty
File: amsgen.sty 1999/11/30 v2.0 generic functions
\@emptytoks=\toks15
\ex@=\dimen105
))
(/usr/local/texlive/2019/texmf-dist/tex/latex/amsmath/amsbsy.sty
Package: amsbsy 1999/11/29 v1.2d Bold Symbols
\pmbraise@=\dimen106
)
(/usr/local/texlive/2019/texmf-dist/tex/latex/amsmath/amsopn.sty
Package: amsopn 2016/03/08 v2.02 operator names
)
\inf@bad=\count88
LaTeX Info: Redefining \frac on input line 223.
\uproot@=\count89
\leftroot@=\count90
LaTeX Info: Redefining \overline on input line 385.
\classnum@=\count91
\DOTSCASE@=\count92
LaTeX Info: Redefining \ldots on input line 482.
LaTeX Info: Redefining \dots on input line 485.
LaTeX Info: Redefining \cdots on input line 606.
\Mathstrutbox@=\box27
\strutbox@=\box28
\big@size=\dimen107
LaTeX Font Info:    Redeclaring font encoding OML on input line 729.
LaTeX Font Info:    Redeclaring font encoding OMS on input line 730.
\macc@depth=\count93
\c@MaxMatrixCols=\count94
\dotsspace@=\muskip10
\c@parentequation=\count95
\dspbrk@lvl=\count96
\tag@help=\toks16
\row@=\count97
\column@=\count98
\maxfields@=\count99
\andhelp@=\toks17
\eqnshift@=\dimen108
\alignsep@=\dimen109
\tagshift@=\dimen110
\tagwidth@=\dimen111
\totwidth@=\dimen112
\lineht@=\dimen113
\@envbody=\toks18
\multlinegap=\skip44
\multlinetaggap=\skip45
\mathdisplay@stack=\toks19
LaTeX Info: Redefining \[ on input line 2844.
LaTeX Info: Redefining \] on input line 2845.
)
(/usr/local/texlive/2019/texmf-dist/tex/latex/geometry/geometry.sty
Package: geometry 2018/04/16 v5.8 Page Geometry

(/usr/local/texlive/2019/texmf-dist/tex/generic/oberdiek/ifpdf.sty
Package: ifpdf 2018/09/07 v3.3 Provides the ifpdf switch
)
(/usr/local/texlive/2019/texmf-dist/tex/generic/oberdiek/ifvtex.sty
Package: ifvtex 2016/05/16 v1.6 Detect VTeX and its facilities (HO)
Package ifvtex Info: VTeX not detected.
)
(/usr/local/texlive/2019/texmf-dist/tex/generic/ifxetex/ifxetex.sty
Package: ifxetex 2010/09/12 v0.6 Provides ifxetex conditional
)
\Gm@cnth=\count100
\Gm@cntv=\count101
\c@Gm@tempcnt=\count102
\Gm@bindingoffset=\dimen114
\Gm@wd@mp=\dimen115
\Gm@odd@mp=\dimen116
\Gm@even@mp=\dimen117
\Gm@layoutwidth=\dimen118
\Gm@layoutheight=\dimen119
\Gm@layouthoffset=\dimen120
\Gm@layoutvoffset=\dimen121
\Gm@dimlist=\toks20
)
(/usr/local/texlive/2019/texmf-dist/tex/latex/caption/caption.sty
Package: caption 2018/10/06 v3.3-154 Customizing captions (AR)

(/usr/local/texlive/2019/texmf-dist/tex/latex/caption/caption3.sty
Package: caption3 2018/09/12 v1.8c caption3 kernel (AR)
Package caption3 Info: TeX engine: e-TeX on input line 64.
\captionmargin=\dimen122
\captionmargin@=\dimen123
\captionwidth=\dimen124
\caption@tempdima=\dimen125
\caption@indent=\dimen126
\caption@parindent=\dimen127
\caption@hangindent=\dimen128
)
\c@caption@flags=\count103
\c@ContinuedFloat=\count104
)
(/usr/local/texlive/2019/texmf-dist/tex/latex/caption/subcaption.sty
Package: subcaption 2018/05/01 v1.1-162 Sub-captions (AR)
\c@subfigure=\count105
\c@subtable=\count106
)
(/usr/local/texlive/2019/texmf-dist/tex/latex/adjustbox/adjustbox.sty
Package: adjustbox 2019/01/04 v1.2 Adjusting TeX boxes (trim, clip, ...)

(/usr/local/texlive/2019/texmf-dist/tex/latex/xkeyval/xkeyval.sty
Package: xkeyval 2014/12/03 v2.7a package option processing (HA)

(/usr/local/texlive/2019/texmf-dist/tex/generic/xkeyval/xkeyval.tex
(/usr/local/texlive/2019/texmf-dist/tex/generic/xkeyval/xkvutils.tex
\XKV@toks=\toks21
\XKV@tempa@toks=\toks22
)
\XKV@depth=\count107
File: xkeyval.tex 2014/12/03 v2.7a key=value parser (HA)
))
(/usr/local/texlive/2019/texmf-dist/tex/latex/adjustbox/adjcalc.sty
Package: adjcalc 2012/05/16 v1.1 Provides advanced setlength with multiple back
-ends (calc, etex, pgfmath)
)
(/usr/local/texlive/2019/texmf-dist/tex/latex/adjustbox/trimclip.sty
Package: trimclip 2018/04/08 v1.1 Trim and clip general TeX material

(/usr/local/texlive/2019/texmf-dist/tex/latex/collectbox/collectbox.sty
Package: collectbox 2012/05/17 v0.4b Collect macro arguments as boxes
\collectedbox=\box29
)
\tc@llx=\dimen129
\tc@lly=\dimen130
\tc@urx=\dimen131
\tc@ury=\dimen132
Package trimclip Info: Using driver 'tc-pdftex.def'.

(/usr/local/texlive/2019/texmf-dist/tex/latex/adjustbox/tc-pdftex.def
File: tc-pdftex.def 2019/01/04 v2.2 Clipping driver for pdftex
))
\adjbox@Width=\dimen133
\adjbox@Height=\dimen134
\adjbox@Depth=\dimen135
\adjbox@Totalheight=\dimen136
\adjbox@pwidth=\dimen137
\adjbox@pheight=\dimen138
\adjbox@pdepth=\dimen139
\adjbox@ptotalheight=\dimen140

(/usr/local/texlive/2019/texmf-dist/tex/latex/ifoddpage/ifoddpage.sty
Package: ifoddpage 2016/04/23 v1.1 Conditionals for odd/even page detection
\c@checkoddpage=\count108
)
(/usr/local/texlive/2019/texmf-dist/tex/latex/varwidth/varwidth.sty
Package: varwidth 2009/03/30 ver 0.92;  Variable-width minipages
\@vwid@box=\box30
\sift@deathcycles=\count109
\@vwid@loff=\dimen141
\@vwid@roff=\dimen142
))
(/usr/local/texlive/2019/texmf-dist/tex/latex/tools/tabularx.sty
Package: tabularx 2016/02/03 v2.11b `tabularx' package (DPC)

(/usr/local/texlive/2019/texmf-dist/tex/latex/tools/array.sty
Package: array 2018/12/30 v2.4k Tabular extension package (FMi)
\col@sep=\dimen143
\ar@mcellbox=\box31
\extrarowheight=\dimen144
\NC@list=\toks23
\extratabsurround=\skip46
\backup@length=\skip47
\ar@cellbox=\box32
)
\TX@col@width=\dimen145
\TX@old@table=\dimen146
\TX@old@col=\dimen147
\TX@target=\dimen148
\TX@delta=\dimen149
\TX@cols=\count110
\TX@ftn=\toks24
)
(/usr/local/texlive/2019/texmf-dist/tex/latex/graphics/rotating.sty
Package: rotating 2016/08/11 v2.16d rotated objects in LaTeX

(/usr/local/texlive/2019/texmf-dist/tex/latex/base/ifthen.sty
Package: ifthen 2014/09/29 v1.1c Standard LaTeX ifthen package (DPC)
)
\c@r@tfl@t=\count111
\rotFPtop=\skip48
\rotFPbot=\skip49
\rot@float@box=\box33
\rot@mess@toks=\toks25
)
(./GMMResults.aux)
\openout1 = `GMMResults.aux'.

LaTeX Font Info:    Checking defaults for OML/cmm/m/it on input line 17.
LaTeX Font Info:    ... okay on input line 17.
LaTeX Font Info:    Checking defaults for T1/cmr/m/n on input line 17.
LaTeX Font Info:    ... okay on input line 17.
LaTeX Font Info:    Checking defaults for OT1/cmr/m/n on input line 17.
LaTeX Font Info:    ... okay on input line 17.
LaTeX Font Info:    Checking defaults for OMS/cmsy/m/n on input line 17.
LaTeX Font Info:    ... okay on input line 17.
LaTeX Font Info:    Checking defaults for OMX/cmex/m/n on input line 17.
LaTeX Font Info:    ... okay on input line 17.
LaTeX Font Info:    Checking defaults for U/cmr/m/n on input line 17.
LaTeX Font Info:    ... okay on input line 17.

(/usr/local/texlive/2019/texmf-dist/tex/context/base/mkii/supp-pdf.mkii
[Loading MPS to PDF converter (version 2006.09.02).]
\scratchcounter=\count112
\scratchdimen=\dimen150
\scratchbox=\box34
\nofMPsegments=\count113
\nofMParguments=\count114
\everyMPshowfont=\toks26
\MPscratchCnt=\count115
\MPscratchDim=\dimen151
\MPnumerator=\count116
\makeMPintoPDFobject=\count117
\everyMPtoPDFconversion=\toks27
) (/usr/local/texlive/2019/texmf-dist/tex/latex/oberdiek/epstopdf-base.sty
Package: epstopdf-base 2016/05/15 v2.6 Base part for package epstopdf

(/usr/local/texlive/2019/texmf-dist/tex/generic/oberdiek/infwarerr.sty
Package: infwarerr 2016/05/16 v1.4 Providing info/warning/error messages (HO)
)
(/usr/local/texlive/2019/texmf-dist/tex/latex/oberdiek/grfext.sty
Package: grfext 2016/05/16 v1.2 Manage graphics extensions (HO)

(/usr/local/texlive/2019/texmf-dist/tex/generic/oberdiek/kvdefinekeys.sty
Package: kvdefinekeys 2016/05/16 v1.4 Define keys (HO)

(/usr/local/texlive/2019/texmf-dist/tex/generic/oberdiek/ltxcmds.sty
Package: ltxcmds 2016/05/16 v1.23 LaTeX kernel commands for general use (HO)
)))
(/usr/local/texlive/2019/texmf-dist/tex/latex/oberdiek/kvoptions.sty
Package: kvoptions 2016/05/16 v3.12 Key value format for package options (HO)

(/usr/local/texlive/2019/texmf-dist/tex/generic/oberdiek/kvsetkeys.sty
Package: kvsetkeys 2016/05/16 v1.17 Key value parser (HO)

(/usr/local/texlive/2019/texmf-dist/tex/generic/oberdiek/etexcmds.sty
Package: etexcmds 2016/05/16 v1.6 Avoid name clashes with e-TeX commands (HO)

(/usr/local/texlive/2019/texmf-dist/tex/generic/oberdiek/ifluatex.sty
Package: ifluatex 2016/05/16 v1.4 Provides the ifluatex switch (HO)
Package ifluatex Info: LuaTeX not detected.
))))
(/usr/local/texlive/2019/texmf-dist/tex/generic/oberdiek/pdftexcmds.sty
Package: pdftexcmds 2018/09/10 v0.29 Utility functions of pdfTeX for LuaTeX (HO
)
Package pdftexcmds Info: LuaTeX not detected.
Package pdftexcmds Info: \pdf@primitive is available.
Package pdftexcmds Info: \pdf@ifprimitive is available.
Package pdftexcmds Info: \pdfdraftmode found.
)
Package epstopdf-base Info: Redefining graphics rule for `.eps' on input line 4
38.
Package grfext Info: Graphics extension search list:
(grfext)             [.pdf,.png,.jpg,.mps,.jpeg,.jbig2,.jb2,.PDF,.PNG,.JPG,.JPE
G,.JBIG2,.JB2,.eps]
(grfext)             \AppendGraphicsExtensions on input line 456.

(/usr/local/texlive/2019/texmf-dist/tex/latex/latexconfig/epstopdf-sys.cfg
File: epstopdf-sys.cfg 2010/07/13 v1.3 Configuration of (r)epstopdf for TeX Liv
e
))
*geometry* driver: auto-detecting
*geometry* detected driver: pdftex
*geometry* verbose mode - [ preamble ] result:
* driver: pdftex
* paper: a4paper
* layout: <same size as paper>
* layoutoffset:(h,v)=(0.0pt,0.0pt)
* bindingoffset: 14.45377pt
* modes: 
* h-part:(L,W,R)=(65.04256pt, 452.969pt, 65.04256pt)
* v-part:(T,H,B)=(86.72377pt, 671.5993pt, 86.72377pt)
* \paperwidth=597.50787pt
* \paperheight=845.04684pt
* \textwidth=452.969pt
* \textheight=671.5993pt
* \oddsidemargin=7.22633pt
* \evensidemargin=-7.22743pt
* \topmargin=-22.54622pt
* \headheight=12.0pt
* \headsep=25.0pt
* \topskip=10.0pt
* \footskip=18.06749pt
* \marginparwidth=65.0pt
* \marginparsep=11.0pt
* \columnsep=10.0pt
* \skip\footins=9.0pt plus 4.0pt minus 2.0pt
* \hoffset=0.0pt
* \voffset=0.0pt
* \mag=1000
* \@twocolumnfalse
* \@twosidefalse
* \@mparswitchfalse
* \@reversemarginfalse
* (1in=72.27pt=25.4mm, 1cm=28.453pt)

Package caption Info: Begin \AtBeginDocument code.
Package caption Info: rotating package is loaded.
Package caption Info: End \AtBeginDocument code.
LaTeX Font Info:    Try loading font information for OMS+cmr on input line 30.
(/usr/local/texlive/2019/texmf-dist/tex/latex/base/omscmr.fd
File: omscmr.fd 2014/09/29 v2.5h Standard LaTeX font definitions
)
LaTeX Font Info:    Font shape `OMS/cmr/m/n' in size <10> not available
(Font)              Font shape `OMS/cmsy/m/n' tried instead on input line 30.
<figures/hist_rev_realtime.png, id=1, 505.89pt x 361.35pt>
File: figures/hist_rev_realtime.png Graphic file (type png)
<use figures/hist_rev_realtime.png>
Package pdftex.def Info: figures/hist_rev_realtime.png  used on input line 53.
(pdftex.def)             Requested size: 317.0769pt x 226.4883pt.
<figures/ts_rev_realtime.png, id=3, 722.7pt x 361.35pt>
File: figures/ts_rev_realtime.png Graphic file (type png)
<use figures/ts_rev_realtime.png>
Package pdftex.def Info: figures/ts_rev_realtime.png  used on input line 64.
(pdftex.def)             Requested size: 362.37657pt x 181.18733pt.
 [1

{/usr/local/texlive/2019/texmf-var/fonts/map/pdftex/updmap/pdftex.map}]
<figures/spf_se_est_diag0.png, id=19, 216.81pt x 650.43pt>
File: figures/spf_se_est_diag0.png Graphic file (type png)
<use figures/spf_se_est_diag0.png>
Package pdftex.def Info: figures/spf_se_est_diag0.png  used on input line 83.
(pdftex.def)             Requested size: 86.0652pt x 258.19235pt.
<figures/spf_se_est_diag1.png, id=20, 216.81pt x 650.43pt>
File: figures/spf_se_est_diag1.png Graphic file (type png)
<use figures/spf_se_est_diag1.png>
Package pdftex.def Info: figures/spf_se_est_diag1.png  used on input line 84.
(pdftex.def)             Requested size: 86.0652pt x 258.19235pt.
<figures/spf_se_est_diag2.png, id=21, 216.81pt x 650.43pt>
File: figures/spf_se_est_diag2.png Graphic file (type png)
<use figures/spf_se_est_diag2.png>
Package pdftex.def Info: figures/spf_se_est_diag2.png  used on input line 85.
(pdftex.def)             Requested size: 86.0652pt x 258.19235pt.
<figures/spf_se_est_diag3.png, id=22, 216.81pt x 650.43pt>
File: figures/spf_se_est_diag3.png Graphic file (type png)
<use figures/spf_se_est_diag3.png>
Package pdftex.def Info: figures/spf_se_est_diag3.png  used on input line 86.
(pdftex.def)             Requested size: 86.0652pt x 258.19235pt.
<figures/spf_se_est_diag4.png, id=23, 216.81pt x 650.43pt>
File: figures/spf_se_est_diag4.png Graphic file (type png)
<use figures/spf_se_est_diag4.png>
Package pdftex.def Info: figures/spf_se_est_diag4.png  used on input line 87.
(pdftex.def)             Requested size: 86.0652pt x 258.19235pt.
<figures/spf_se_est_joint_diag0.png, id=24, 216.81pt x 650.43pt>
File: figures/spf_se_est_joint_diag0.png Graphic file (type png)
<use figures/spf_se_est_joint_diag0.png>
Package pdftex.def Info: figures/spf_se_est_joint_diag0.png  used on input line
 95.
(pdftex.def)             Requested size: 86.0652pt x 258.19235pt.
<figures/spf_se_est_joint_diag1.png, id=25, 216.81pt x 650.43pt>
File: figures/spf_se_est_joint_diag1.png Graphic file (type png)
<use figures/spf_se_est_joint_diag1.png>
Package pdftex.def Info: figures/spf_se_est_joint_diag1.png  used on input line
 96.
(pdftex.def)             Requested size: 86.0652pt x 258.19235pt.
<figures/spf_se_est_joint_diag2.png, id=26, 216.81pt x 650.43pt>
File: figures/spf_se_est_joint_diag2.png Graphic file (type png)
<use figures/spf_se_est_joint_diag2.png>
Package pdftex.def Info: figures/spf_se_est_joint_diag2.png  used on input line
 97.
(pdftex.def)             Requested size: 86.0652pt x 258.19235pt.
<figures/spf_se_est_joint_diag3.png, id=27, 216.81pt x 650.43pt>
File: figures/spf_se_est_joint_diag3.png Graphic file (type png)
<use figures/spf_se_est_joint_diag3.png>
Package pdftex.def Info: figures/spf_se_est_joint_diag3.png  used on input line
 98.
(pdftex.def)             Requested size: 86.0652pt x 258.19235pt.
<figures/spf_se_est_joint_diag4.png, id=28, 216.81pt x 650.43pt>
File: figures/spf_se_est_joint_diag4.png Graphic file (type png)
<use figures/spf_se_est_joint_diag4.png>
Package pdftex.def Info: figures/spf_se_est_joint_diag4.png  used on input line
 99.
(pdftex.def)             Requested size: 86.0652pt x 258.19235pt.
<figures/spf_ni_est_diag0.png, id=29, 216.81pt x 650.43pt>
File: figures/spf_ni_est_diag0.png Graphic file (type png)
<use figures/spf_ni_est_diag0.png>
Package pdftex.def Info: figures/spf_ni_est_diag0.png  used on input line 115.
(pdftex.def)             Requested size: 86.0652pt x 258.19235pt.
<figures/spf_ni_est_diag1.png, id=30, 216.81pt x 650.43pt>
File: figures/spf_ni_est_diag1.png Graphic file (type png)
<use figures/spf_ni_est_diag1.png>
Package pdftex.def Info: figures/spf_ni_est_diag1.png  used on input line 116.
(pdftex.def)             Requested size: 86.0652pt x 258.19235pt.
<figures/spf_ni_est_diag2.png, id=31, 216.81pt x 650.43pt>
File: figures/spf_ni_est_diag2.png Graphic file (type png)
<use figures/spf_ni_est_diag2.png>
Package pdftex.def Info: figures/spf_ni_est_diag2.png  used on input line 117.
(pdftex.def)             Requested size: 86.0652pt x 258.19235pt.
<figures/spf_ni_est_diag3.png, id=32, 216.81pt x 650.43pt>
File: figures/spf_ni_est_diag3.png Graphic file (type png)
<use figures/spf_ni_est_diag3.png>
Package pdftex.def Info: figures/spf_ni_est_diag3.png  used on input line 118.
(pdftex.def)             Requested size: 86.0652pt x 258.19235pt.
<figures/spf_ni_est_diag4.png, id=33, 216.81pt x 650.43pt>
File: figures/spf_ni_est_diag4.png Graphic file (type png)
<use figures/spf_ni_est_diag4.png>
Package pdftex.def Info: figures/spf_ni_est_diag4.png  used on input line 119.
(pdftex.def)             Requested size: 86.0652pt x 258.19235pt.


LaTeX Warning: File `figures/spf_ni_est_joint_diag0.png' not found on input lin
e 127.


! Package pdftex.def Error: File `figures/spf_ni_est_joint_diag0.png' not found
: using draft setting.

See the pdftex.def package documentation for explanation.
Type  H <return>  for immediate help.
 ...                                              
                                                  
l.127 ...idth]{figures/spf_ni_est_joint_diag0.png}
                                                  
Try typing  <return>  to proceed.
If that doesn't work, type  X <return>  to quit.


LaTeX Warning: File `figures/spf_ni_est_joint_diag1.png' not found on input lin
e 128.


! Package pdftex.def Error: File `figures/spf_ni_est_joint_diag1.png' not found
: using draft setting.

See the pdftex.def package documentation for explanation.
Type  H <return>  for immediate help.
 ...                                              
                                                  
l.128 ...idth]{figures/spf_ni_est_joint_diag1.png}
                                                  
Try typing  <return>  to proceed.
If that doesn't work, type  X <return>  to quit.


LaTeX Warning: File `figures/spf_ni_est_joint_diag2.png' not found on input lin
e 129.


! Package pdftex.def Error: File `figures/spf_ni_est_joint_diag2.png' not found
: using draft setting.

See the pdftex.def package documentation for explanation.
Type  H <return>  for immediate help.
 ...                                              
                                                  
l.129 ...idth]{figures/spf_ni_est_joint_diag2.png}
                                                  
Try typing  <return>  to proceed.
If that doesn't work, type  X <return>  to quit.


LaTeX Warning: File `figures/spf_ni_est_joint_diag3.png' not found on input lin
e 130.


! Package pdftex.def Error: File `figures/spf_ni_est_joint_diag3.png' not found
: using draft setting.

See the pdftex.def package documentation for explanation.
Type  H <return>  for immediate help.
 ...                                              
                                                  
l.130 ...idth]{figures/spf_ni_est_joint_diag3.png}
                                                  
Try typing  <return>  to proceed.
If that doesn't work, type  X <return>  to quit.


LaTeX Warning: File `figures/spf_ni_est_joint_diag4.png' not found on input lin
e 131.


! Package pdftex.def Error: File `figures/spf_ni_est_joint_diag4.png' not found
: using draft setting.

See the pdftex.def package documentation for explanation.
Type  H <return>  for immediate help.
 ...                                              
                                                  
l.131 ...idth]{figures/spf_ni_est_joint_diag4.png}
                                                  
Try typing  <return>  to proceed.
If that doesn't work, type  X <return>  to quit.

<figures/sce_se_est_diag0.png, id=34, 216.81pt x 650.43pt>
File: figures/sce_se_est_diag0.png Graphic file (type png)
<use figures/sce_se_est_diag0.png>
Package pdftex.def Info: figures/sce_se_est_diag0.png  used on input line 148.
(pdftex.def)             Requested size: 86.0652pt x 258.19235pt.
<figures/sce_se_est_diag1.png, id=35, 216.81pt x 650.43pt>
File: figures/sce_se_est_diag1.png Graphic file (type png)
<use figures/sce_se_est_diag1.png>
Package pdftex.def Info: figures/sce_se_est_diag1.png  used on input line 149.
(pdftex.def)             Requested size: 86.0652pt x 258.19235pt.
<figures/sce_se_est_diag2.png, id=36, 216.81pt x 650.43pt>
File: figures/sce_se_est_diag2.png Graphic file (type png)
<use figures/sce_se_est_diag2.png>
Package pdftex.def Info: figures/sce_se_est_diag2.png  used on input line 150.
(pdftex.def)             Requested size: 86.0652pt x 258.19235pt.
<figures/sce_se_est_diag3.png, id=37, 216.81pt x 650.43pt>
File: figures/sce_se_est_diag3.png Graphic file (type png)
<use figures/sce_se_est_diag3.png>
Package pdftex.def Info: figures/sce_se_est_diag3.png  used on input line 151.
(pdftex.def)             Requested size: 86.0652pt x 258.19235pt.
<figures/sce_se_est_diag4.png, id=38, 216.81pt x 650.43pt>
File: figures/sce_se_est_diag4.png Graphic file (type png)
<use figures/sce_se_est_diag4.png>
Package pdftex.def Info: figures/sce_se_est_diag4.png  used on input line 152.
(pdftex.def)             Requested size: 86.0652pt x 258.19235pt.
<figures/sce_se_est_joint_diag0.png, id=39, 216.81pt x 650.43pt>
File: figures/sce_se_est_joint_diag0.png Graphic file (type png)
<use figures/sce_se_est_joint_diag0.png>
Package pdftex.def Info: figures/sce_se_est_joint_diag0.png  used on input line
 160.
(pdftex.def)             Requested size: 86.0652pt x 258.19235pt.
<figures/sce_se_est_joint_diag1.png, id=40, 216.81pt x 650.43pt>
File: figures/sce_se_est_joint_diag1.png Graphic file (type png)
<use figures/sce_se_est_joint_diag1.png>
Package pdftex.def Info: figures/sce_se_est_joint_diag1.png  used on input line
 161.
(pdftex.def)             Requested size: 86.0652pt x 258.19235pt.
<figures/sce_se_est_joint_diag2.png, id=41, 216.81pt x 650.43pt>
File: figures/sce_se_est_joint_diag2.png Graphic file (type png)
<use figures/sce_se_est_joint_diag2.png>
Package pdftex.def Info: figures/sce_se_est_joint_diag2.png  used on input line
 162.
(pdftex.def)             Requested size: 86.0652pt x 258.19235pt.
<figures/sce_se_est_joint_diag3.png, id=42, 216.81pt x 650.43pt>
File: figures/sce_se_est_joint_diag3.png Graphic file (type png)
<use figures/sce_se_est_joint_diag3.png>
Package pdftex.def Info: figures/sce_se_est_joint_diag3.png  used on input line
 163.
(pdftex.def)             Requested size: 86.0652pt x 258.19235pt.
<figures/sce_se_est_joint_diag4.png, id=43, 216.81pt x 650.43pt>
File: figures/sce_se_est_joint_diag4.png Graphic file (type png)
<use figures/sce_se_est_joint_diag4.png>
Package pdftex.def Info: figures/sce_se_est_joint_diag4.png  used on input line
 164.
(pdftex.def)             Requested size: 86.0652pt x 258.19235pt.
<figures/sce_ni_est_diag0.png, id=44, 216.81pt x 650.43pt>
File: figures/sce_ni_est_diag0.png Graphic file (type png)
<use figures/sce_ni_est_diag0.png>
Package pdftex.def Info: figures/sce_ni_est_diag0.png  used on input line 180.
(pdftex.def)             Requested size: 86.0652pt x 258.19235pt.
<figures/sce_ni_est_diag1.png, id=45, 216.81pt x 650.43pt>
File: figures/sce_ni_est_diag1.png Graphic file (type png)
<use figures/sce_ni_est_diag1.png>
Package pdftex.def Info: figures/sce_ni_est_diag1.png  used on input line 181.
(pdftex.def)             Requested size: 86.0652pt x 258.19235pt.
<figures/sce_ni_est_diag2.png, id=46, 216.81pt x 650.43pt>
File: figures/sce_ni_est_diag2.png Graphic file (type png)
<use figures/sce_ni_est_diag2.png>
Package pdftex.def Info: figures/sce_ni_est_diag2.png  used on input line 182.
(pdftex.def)             Requested size: 86.0652pt x 258.19235pt.
<figures/sce_ni_est_diag3.png, id=47, 216.81pt x 650.43pt>
File: figures/sce_ni_est_diag3.png Graphic file (type png)
<use figures/sce_ni_est_diag3.png>
Package pdftex.def Info: figures/sce_ni_est_diag3.png  used on input line 183.
(pdftex.def)             Requested size: 86.0652pt x 258.19235pt.
<figures/sce_ni_est_diag4.png, id=48, 216.81pt x 650.43pt>
File: figures/sce_ni_est_diag4.png Graphic file (type png)
<use figures/sce_ni_est_diag4.png>
Package pdftex.def Info: figures/sce_ni_est_diag4.png  used on input line 184.
(pdftex.def)             Requested size: 86.0652pt x 258.19235pt.

LaTeX Warning: File `figures/sce_ni_est_joint_diag0.png' not found on input lin
e 192.


! Package pdftex.def Error: File `figures/sce_ni_est_joint_diag0.png' not found
: using draft setting.

See the pdftex.def package documentation for explanation.
Type  H <return>  for immediate help.
 ...                                              
                                                  
l.192 ...idth]{figures/sce_ni_est_joint_diag0.png}
                                                  
Try typing  <return>  to proceed.
If that doesn't work, type  X <return>  to quit.


LaTeX Warning: File `figures/sce_ni_est_joint_diag1.png' not found on input lin
e 193.


! Package pdftex.def Error: File `figures/sce_ni_est_joint_diag1.png' not found
: using draft setting.

See the pdftex.def package documentation for explanation.
Type  H <return>  for immediate help.
 ...                                              
                                                  
l.193 ...idth]{figures/sce_ni_est_joint_diag1.png}
                                                  
Try typing  <return>  to proceed.
If that doesn't work, type  X <return>  to quit.


LaTeX Warning: File `figures/sce_ni_est_joint_diag2.png' not found on input lin
e 194.


! Package pdftex.def Error: File `figures/sce_ni_est_joint_diag2.png' not found
: using draft setting.

See the pdftex.def package documentation for explanation.
Type  H <return>  for immediate help.
 ...                                              
                                                  
l.194 ...idth]{figures/sce_ni_est_joint_diag2.png}
                                                  
Try typing  <return>  to proceed.
If that doesn't work, type  X <return>  to quit.


LaTeX Warning: File `figures/sce_ni_est_joint_diag3.png' not found on input lin
e 195.


! Package pdftex.def Error: File `figures/sce_ni_est_joint_diag3.png' not found
: using draft setting.

See the pdftex.def package documentation for explanation.
Type  H <return>  for immediate help.
 ...                                              
                                                  
l.195 ...idth]{figures/sce_ni_est_joint_diag3.png}
                                                  
Try typing  <return>  to proceed.
If that doesn't work, type  X <return>  to quit.


LaTeX Warning: File `figures/sce_ni_est_joint_diag4.png' not found on input lin
e 196.


! Package pdftex.def Error: File `figures/sce_ni_est_joint_diag4.png' not found
: using draft setting.

See the pdftex.def package documentation for explanation.
Type  H <return>  for immediate help.
 ...                                              
                                                  
l.196 ...idth]{figures/sce_ni_est_joint_diag4.png}
                                                  
Try typing  <return>  to proceed.
If that doesn't work, type  X <return>  to quit.


Overfull \hbox (157.08224pt too wide) in paragraph at lines 229--243
[][] 
 []

[2 <./figures/hist_rev_realtime.png>] [3] [4] [5 <./figures/ts_rev_realtime.png
>] [6 <./figures/spf_se_est_diag0.png> <./figures/spf_se_est_diag1.png> <./figu
res/spf_se_est_diag2.png> <./figures/spf_se_est_diag3.png> <./figures/spf_se_es
t_diag4.png> <./figures/spf_se_est_joint_diag0.png> <./figures/spf_se_est_joint
_diag1.png> <./figures/spf_se_est_joint_diag2.png> <./figures/spf_se_est_joint_
diag3.png> <./figures/spf_se_est_joint_diag4.png>] [7 <./figures/spf_ni_est_dia
g0.png> <./figures/spf_ni_est_diag1.png> <./figures/spf_ni_est_diag2.png> <./fi
gures/spf_ni_est_diag3.png> <./figures/spf_ni_est_diag4.png>] [8 <./figures/sce
_se_est_diag0.png> <./figures/sce_se_est_diag1.png> <./figures/sce_se_est_diag2
.png> <./figures/sce_se_est_diag3.png> <./figures/sce_se_est_diag4.png> <./figu
res/sce_se_est_joint_diag0.png> <./figures/sce_se_est_joint_diag1.png> <./figur
es/sce_se_est_joint_diag2.png> <./figures/sce_se_est_joint_diag3.png> <./figure
s/sce_se_est_joint_diag4.png>] [9 <./figures/sce_ni_est_diag0.png> <./figures/s
ce_ni_est_diag1.png> <./figures/sce_ni_est_diag2.png> <./figures/sce_ni_est_dia
g3.png> <./figures/sce_ni_est_diag4.png>] (./GMMResults.aux) ) 
Here is how much of TeX's memory you used:
 5123 strings out of 492616
 81565 string characters out of 6129482
 173355 words of memory out of 5000000
 8921 multiletter control sequences out of 15000+600000
 9490 words of font info for 35 fonts, out of 8000000 for 9000
 1141 hyphenation exceptions out of 8191
 41i,13n,77p,571b,530s stack positions out of 5000i,500n,10000p,200000b,80000s
</usr/local/texli
ve/2019/texmf-dist/fonts/type1/public/amsfonts/cm/cmbx10.pfb></usr/local/texliv
e/2019/texmf-dist/fonts/type1/public/amsfonts/cm/cmbx12.pfb></usr/local/texlive
/2019/texmf-dist/fonts/type1/public/amsfonts/cm/cmex10.pfb></usr/local/texlive/
2019/texmf-dist/fonts/type1/public/amsfonts/cm/cmmi10.pfb></usr/local/texlive/2
019/texmf-dist/fonts/type1/public/amsfonts/cm/cmmi6.pfb></usr/local/texlive/201
9/texmf-dist/fonts/type1/public/amsfonts/cm/cmmi7.pfb></usr/local/texlive/2019/
texmf-dist/fonts/type1/public/amsfonts/cm/cmmi8.pfb></usr/local/texlive/2019/te
xmf-dist/fonts/type1/public/amsfonts/cm/cmr10.pfb></usr/local/texlive/2019/texm
f-dist/fonts/type1/public/amsfonts/cm/cmr12.pfb></usr/local/texlive/2019/texmf-
dist/fonts/type1/public/amsfonts/cm/cmr17.pfb></usr/local/texlive/2019/texmf-di
st/fonts/type1/public/amsfonts/cm/cmr7.pfb></usr/local/texlive/2019/texmf-dist/
fonts/type1/public/amsfonts/cm/cmr8.pfb></usr/local/texlive/2019/texmf-dist/fon
ts/type1/public/amsfonts/cm/cmr9.pfb></usr/local/texlive/2019/texmf-dist/fonts/
type1/public/amsfonts/cm/cmsy10.pfb></usr/local/texlive/2019/texmf-dist/fonts/t
ype1/public/amsfonts/cm/cmsy6.pfb></usr/local/texlive/2019/texmf-dist/fonts/typ
e1/public/amsfonts/cm/cmsy7.pfb></usr/local/texlive/2019/texmf-dist/fonts/type1
/public/amsfonts/cm/cmsy8.pfb></usr/local/texlive/2019/texmf-dist/fonts/type1/p
ublic/amsfonts/cm/cmtt10.pfb>
Output written on GMMResults.pdf (9 pages, 842614 bytes).
PDF statistics:
 171 PDF objects out of 1000 (max. 8388607)
 77 compressed objects within 1 object stream
 0 named destinations out of 1000 (max. 500000)
 161 words of extra memory for PDF output out of 10000 (max. 10000000)

