\BOOKMARK [1][-]{section.1}{Introduction}{}% 1
\BOOKMARK [1][-]{section.2}{Theories of Expectation Formation}{}% 2
\BOOKMARK [2][-]{subsection.2.1}{Definition of moments}{section.2}% 3
\BOOKMARK [2][-]{subsection.2.2}{Benchmark of full-information rational expectation\(FIRE\)}{section.2}% 4
\BOOKMARK [2][-]{subsection.2.3}{Sticky Expectation \(SE\)}{section.2}% 5
\BOOKMARK [3][-]{subsubsection.2.3.1}{Summary of predictions of SE}{subsection.2.3}% 6
\BOOKMARK [2][-]{subsection.2.4}{Noisy information\(NI\)}{section.2}% 7
\BOOKMARK [3][-]{subsubsection.2.4.1}{Summary of predictions from noisy information}{subsection.2.4}% 8
\BOOKMARK [2][-]{subsection.2.5}{Comparing FIRE, SE, and NI}{section.2}% 9
\BOOKMARK [1][-]{section.3}{Empirical Results}{}% 10
\BOOKMARK [2][-]{subsection.3.1}{Data}{section.3}% 11
\BOOKMARK [2][-]{subsection.3.2}{Stylized facts}{section.3}% 12
\BOOKMARK [2][-]{subsection.3.3}{Test of null hypothesis of rational expectation}{section.3}% 13
\BOOKMARK [1][-]{section.4}{Shock-based Estimates of Expectation Rigidity }{}% 14
\BOOKMARK [1][-]{section.5}{Shock-based Estimates of Expectation Rigidity }{}% 15
\BOOKMARK [2][-]{subsection.5.1}{Replicating coibion2012can}{section.5}% 16
\BOOKMARK [2][-]{subsection.5.2}{Additional evidence from uncertainty}{section.5}% 17
\BOOKMARK [2][-]{subsection.5.3}{Evidence from households}{section.5}% 18
\BOOKMARK [2][-]{subsection.5.4}{Discussion of the results and next step}{section.5}% 19
\BOOKMARK [1][-]{section.6}{Conclusion}{}% 20
