This is pdfTeX, Version 3.14159265-2.6-1.40.15 (TeX Live 2014) (preloaded format=pdflatex 2019.2.21)  28 JUN 2019 20:59
entering extended mode
 restricted \write18 enabled.
 %&-line parsing enabled.
**Draft.tex
(./Draft.tex
LaTeX2e <2014/05/01>
Babel <3.9k> and hyphenation patterns for 78 languages loaded.
(/usr/local/texlive/2014/texmf-dist/tex/latex/base/article.cls
Document Class: article 2007/10/19 v1.4h Standard LaTeX document class
(/usr/local/texlive/2014/texmf-dist/tex/latex/base/size10.clo
File: size10.clo 2007/10/19 v1.4h Standard LaTeX file (size option)
)
\c@part=\count79
\c@section=\count80
\c@subsection=\count81
\c@subsubsection=\count82
\c@paragraph=\count83
\c@subparagraph=\count84
\c@figure=\count85
\c@table=\count86
\abovecaptionskip=\skip41
\belowcaptionskip=\skip42
\bibindent=\dimen102
)
(/usr/local/texlive/2014/texmf-dist/tex/latex/amsmath/amsmath.sty
Package: amsmath 2013/01/14 v2.14 AMS math features
\@mathmargin=\skip43

For additional information on amsmath, use the `?' option.
(/usr/local/texlive/2014/texmf-dist/tex/latex/amsmath/amstext.sty
Package: amstext 2000/06/29 v2.01

(/usr/local/texlive/2014/texmf-dist/tex/latex/amsmath/amsgen.sty
File: amsgen.sty 1999/11/30 v2.0
\@emptytoks=\toks14
\ex@=\dimen103
))
(/usr/local/texlive/2014/texmf-dist/tex/latex/amsmath/amsbsy.sty
Package: amsbsy 1999/11/29 v1.2d
\pmbraise@=\dimen104
)
(/usr/local/texlive/2014/texmf-dist/tex/latex/amsmath/amsopn.sty
Package: amsopn 1999/12/14 v2.01 operator names
)
\inf@bad=\count87
LaTeX Info: Redefining \frac on input line 210.
\uproot@=\count88
\leftroot@=\count89
LaTeX Info: Redefining \overline on input line 306.
\classnum@=\count90
\DOTSCASE@=\count91
LaTeX Info: Redefining \ldots on input line 378.
LaTeX Info: Redefining \dots on input line 381.
LaTeX Info: Redefining \cdots on input line 466.
\Mathstrutbox@=\box26
\strutbox@=\box27
\big@size=\dimen105
LaTeX Font Info:    Redeclaring font encoding OML on input line 566.
LaTeX Font Info:    Redeclaring font encoding OMS on input line 567.
\macc@depth=\count92
\c@MaxMatrixCols=\count93
\dotsspace@=\muskip10
\c@parentequation=\count94
\dspbrk@lvl=\count95
\tag@help=\toks15
\row@=\count96
\column@=\count97
\maxfields@=\count98
\andhelp@=\toks16
\eqnshift@=\dimen106
\alignsep@=\dimen107
\tagshift@=\dimen108
\tagwidth@=\dimen109
\totwidth@=\dimen110
\lineht@=\dimen111
\@envbody=\toks17
\multlinegap=\skip44
\multlinetaggap=\skip45
\mathdisplay@stack=\toks18
LaTeX Info: Redefining \[ on input line 2665.
LaTeX Info: Redefining \] on input line 2666.
)
(/usr/local/texlive/2014/texmf-dist/tex/latex/adjustbox/adjustbox.sty
Package: adjustbox 2012/05/21 v1.0 Adjusting TeX boxes (trim, clip, ...)

(/usr/local/texlive/2014/texmf-dist/tex/latex/xkeyval/xkeyval.sty
Package: xkeyval 2014/05/09 v2.6d package option processing (HA)

(/usr/local/texlive/2014/texmf-dist/tex/generic/xkeyval/xkeyval.tex
\XKV@toks=\toks19
\XKV@tempa@toks=\toks20
\XKV@depth=\count99
File: xkeyval.tex 2014/05/09 v2.6d key=value parser (HA)

(/usr/local/texlive/2014/texmf-dist/tex/generic/xkeyval/keyval.tex)))
(/usr/local/texlive/2014/texmf-dist/tex/latex/adjustbox/adjcalc.sty
Package: adjcalc 2012/05/16 v1.1 Provides advanced setlength with multiple back
-ends (calc, etex, pgfmath)
)
(/usr/local/texlive/2014/texmf-dist/tex/latex/adjustbox/trimclip.sty
Package: trimclip 2012/05/16 v1.0 Trim and clip general TeX material

(/usr/local/texlive/2014/texmf-dist/tex/latex/graphics/graphicx.sty
Package: graphicx 2014/04/25 v1.0g Enhanced LaTeX Graphics (DPC,SPQR)

(/usr/local/texlive/2014/texmf-dist/tex/latex/graphics/graphics.sty
Package: graphics 2009/02/05 v1.0o Standard LaTeX Graphics (DPC,SPQR)

(/usr/local/texlive/2014/texmf-dist/tex/latex/graphics/trig.sty
Package: trig 1999/03/16 v1.09 sin cos tan (DPC)
)
(/usr/local/texlive/2014/texmf-dist/tex/latex/latexconfig/graphics.cfg
File: graphics.cfg 2010/04/23 v1.9 graphics configuration of TeX Live
)
Package graphics Info: Driver file: pdftex.def on input line 91.

(/usr/local/texlive/2014/texmf-dist/tex/latex/pdftex-def/pdftex.def
File: pdftex.def 2011/05/27 v0.06d Graphics/color for pdfTeX

(/usr/local/texlive/2014/texmf-dist/tex/generic/oberdiek/infwarerr.sty
Package: infwarerr 2010/04/08 v1.3 Providing info/warning/error messages (HO)
)
(/usr/local/texlive/2014/texmf-dist/tex/generic/oberdiek/ltxcmds.sty
Package: ltxcmds 2011/11/09 v1.22 LaTeX kernel commands for general use (HO)
)
\Gread@gobject=\count100
))
\Gin@req@height=\dimen112
\Gin@req@width=\dimen113
)
(/usr/local/texlive/2014/texmf-dist/tex/latex/collectbox/collectbox.sty
Package: collectbox 2012/05/17 v0.4b Collect macro arguments as boxes
\collectedbox=\box28
)
\tc@llx=\dimen114
\tc@lly=\dimen115
\tc@urx=\dimen116
\tc@ury=\dimen117
Package trimclip Info: Using driver 'tc-pdftex.def'.

(/usr/local/texlive/2014/texmf-dist/tex/latex/adjustbox/tc-pdftex.def
File: tc-pdftex.def 2012/05/13 v1.0 Clipping driver for pdftex
))
\adjbox@Width=\dimen118
\adjbox@Height=\dimen119
\adjbox@Depth=\dimen120
\adjbox@Totalheight=\dimen121

(/usr/local/texlive/2014/texmf-dist/tex/latex/ifoddpage/ifoddpage.sty
Package: ifoddpage 2011/09/13 v1.0 Conditionals for odd/even page detection
\c@checkoddpage=\count101
)
(/usr/local/texlive/2014/texmf-dist/tex/latex/varwidth/varwidth.sty
Package: varwidth 2009/03/30 ver 0.92;  Variable-width minipages
\@vwid@box=\box29
\sift@deathcycles=\count102
\@vwid@loff=\dimen122
\@vwid@roff=\dimen123
))
(/usr/local/texlive/2014/texmf-dist/tex/latex/geometry/geometry.sty
Package: geometry 2010/09/12 v5.6 Page Geometry

(/usr/local/texlive/2014/texmf-dist/tex/generic/oberdiek/ifpdf.sty
Package: ifpdf 2011/01/30 v2.3 Provides the ifpdf switch (HO)
Package ifpdf Info: pdfTeX in PDF mode is detected.
)
(/usr/local/texlive/2014/texmf-dist/tex/generic/oberdiek/ifvtex.sty
Package: ifvtex 2010/03/01 v1.5 Detect VTeX and its facilities (HO)
Package ifvtex Info: VTeX not detected.
)
(/usr/local/texlive/2014/texmf-dist/tex/generic/ifxetex/ifxetex.sty
Package: ifxetex 2010/09/12 v0.6 Provides ifxetex conditional
)
\Gm@cnth=\count103
\Gm@cntv=\count104
\c@Gm@tempcnt=\count105
\Gm@bindingoffset=\dimen124
\Gm@wd@mp=\dimen125
\Gm@odd@mp=\dimen126
\Gm@even@mp=\dimen127
\Gm@layoutwidth=\dimen128
\Gm@layoutheight=\dimen129
\Gm@layouthoffset=\dimen130
\Gm@layoutvoffset=\dimen131
\Gm@dimlist=\toks21
)
(/usr/local/texlive/2014/texmf-dist/tex/latex/hyperref/hyperref.sty
Package: hyperref 2012/11/06 v6.83m Hypertext links for LaTeX

(/usr/local/texlive/2014/texmf-dist/tex/generic/oberdiek/hobsub-hyperref.sty
Package: hobsub-hyperref 2012/05/28 v1.13 Bundle oberdiek, subset hyperref (HO)


(/usr/local/texlive/2014/texmf-dist/tex/generic/oberdiek/hobsub-generic.sty
Package: hobsub-generic 2012/05/28 v1.13 Bundle oberdiek, subset generic (HO)
Package: hobsub 2012/05/28 v1.13 Construct package bundles (HO)
Package hobsub Info: Skipping package `infwarerr' (already loaded).
Package hobsub Info: Skipping package `ltxcmds' (already loaded).
Package: ifluatex 2010/03/01 v1.3 Provides the ifluatex switch (HO)
Package ifluatex Info: LuaTeX not detected.
Package hobsub Info: Skipping package `ifvtex' (already loaded).
Package: intcalc 2007/09/27 v1.1 Expandable calculations with integers (HO)
Package hobsub Info: Skipping package `ifpdf' (already loaded).
Package: etexcmds 2011/02/16 v1.5 Avoid name clashes with e-TeX commands (HO)
Package etexcmds Info: Could not find \expanded.
(etexcmds)             That can mean that you are not using pdfTeX 1.50 or
(etexcmds)             that some package has redefined \expanded.
(etexcmds)             In the latter case, load this package earlier.
Package: kvsetkeys 2012/04/25 v1.16 Key value parser (HO)
Package: kvdefinekeys 2011/04/07 v1.3 Define keys (HO)
Package: pdftexcmds 2011/11/29 v0.20 Utility functions of pdfTeX for LuaTeX (HO
)
Package pdftexcmds Info: LuaTeX not detected.
Package pdftexcmds Info: \pdf@primitive is available.
Package pdftexcmds Info: \pdf@ifprimitive is available.
Package pdftexcmds Info: \pdfdraftmode found.
Package: pdfescape 2011/11/25 v1.13 Implements pdfTeX's escape features (HO)
Package: bigintcalc 2012/04/08 v1.3 Expandable calculations on big integers (HO
)
Package: bitset 2011/01/30 v1.1 Handle bit-vector datatype (HO)
Package: uniquecounter 2011/01/30 v1.2 Provide unlimited unique counter (HO)
)
Package hobsub Info: Skipping package `hobsub' (already loaded).
Package: letltxmacro 2010/09/02 v1.4 Let assignment for LaTeX macros (HO)
Package: hopatch 2012/05/28 v1.2 Wrapper for package hooks (HO)
Package: xcolor-patch 2011/01/30 xcolor patch
Package: atveryend 2011/06/30 v1.8 Hooks at the very end of document (HO)
Package atveryend Info: \enddocument detected (standard20110627).
Package: atbegshi 2011/10/05 v1.16 At begin shipout hook (HO)
Package: refcount 2011/10/16 v3.4 Data extraction from label references (HO)
Package: hycolor 2011/01/30 v1.7 Color options for hyperref/bookmark (HO)
)
(/usr/local/texlive/2014/texmf-dist/tex/latex/oberdiek/auxhook.sty
Package: auxhook 2011/03/04 v1.3 Hooks for auxiliary files (HO)
)
(/usr/local/texlive/2014/texmf-dist/tex/latex/oberdiek/kvoptions.sty
Package: kvoptions 2011/06/30 v3.11 Key value format for package options (HO)
)
\@linkdim=\dimen132
\Hy@linkcounter=\count106
\Hy@pagecounter=\count107

(/usr/local/texlive/2014/texmf-dist/tex/latex/hyperref/pd1enc.def
File: pd1enc.def 2012/11/06 v6.83m Hyperref: PDFDocEncoding definition (HO)
)
\Hy@SavedSpaceFactor=\count108

(/usr/local/texlive/2014/texmf-dist/tex/latex/latexconfig/hyperref.cfg
File: hyperref.cfg 2002/06/06 v1.2 hyperref configuration of TeXLive
)
Package hyperref Info: Hyper figures OFF on input line 4443.
Package hyperref Info: Link nesting OFF on input line 4448.
Package hyperref Info: Hyper index ON on input line 4451.
Package hyperref Info: Plain pages OFF on input line 4458.
Package hyperref Info: Backreferencing OFF on input line 4463.
Package hyperref Info: Implicit mode ON; LaTeX internals redefined.
Package hyperref Info: Bookmarks ON on input line 4688.
\c@Hy@tempcnt=\count109

(/usr/local/texlive/2014/texmf-dist/tex/latex/url/url.sty
\Urlmuskip=\muskip11
Package: url 2013/09/16  ver 3.4  Verb mode for urls, etc.
)
LaTeX Info: Redefining \url on input line 5041.
\XeTeXLinkMargin=\dimen133
\Fld@menulength=\count110
\Field@Width=\dimen134
\Fld@charsize=\dimen135
Package hyperref Info: Hyper figures OFF on input line 6295.
Package hyperref Info: Link nesting OFF on input line 6300.
Package hyperref Info: Hyper index ON on input line 6303.
Package hyperref Info: backreferencing OFF on input line 6310.
Package hyperref Info: Link coloring OFF on input line 6315.
Package hyperref Info: Link coloring with OCG OFF on input line 6320.
Package hyperref Info: PDF/A mode OFF on input line 6325.
LaTeX Info: Redefining \ref on input line 6365.
LaTeX Info: Redefining \pageref on input line 6369.
\Hy@abspage=\count111
\c@Item=\count112
\c@Hfootnote=\count113
)

Package hyperref Message: Driver (autodetected): hpdftex.

(/usr/local/texlive/2014/texmf-dist/tex/latex/hyperref/hpdftex.def
File: hpdftex.def 2012/11/06 v6.83m Hyperref driver for pdfTeX
\Fld@listcount=\count114
\c@bookmark@seq@number=\count115

(/usr/local/texlive/2014/texmf-dist/tex/latex/oberdiek/rerunfilecheck.sty
Package: rerunfilecheck 2011/04/15 v1.7 Rerun checks for auxiliary files (HO)
Package uniquecounter Info: New unique counter `rerunfilecheck' on input line 2
82.
)
\Hy@SectionHShift=\skip46
)
Package hyperref Info: Option `colorlinks' set `true' on input line 15.

(/usr/local/texlive/2014/texmf-dist/tex/latex/natbib/natbib.sty
Package: natbib 2010/09/13 8.31b (PWD, AO)
\bibhang=\skip47
\bibsep=\skip48
LaTeX Info: Redefining \cite on input line 694.
\c@NAT@ctr=\count116
) (./Draft.aux)
\openout1 = `Draft.aux'.

LaTeX Font Info:    Checking defaults for OML/cmm/m/it on input line 23.
LaTeX Font Info:    ... okay on input line 23.
LaTeX Font Info:    Checking defaults for T1/cmr/m/n on input line 23.
LaTeX Font Info:    ... okay on input line 23.
LaTeX Font Info:    Checking defaults for OT1/cmr/m/n on input line 23.
LaTeX Font Info:    ... okay on input line 23.
LaTeX Font Info:    Checking defaults for OMS/cmsy/m/n on input line 23.
LaTeX Font Info:    ... okay on input line 23.
LaTeX Font Info:    Checking defaults for OMX/cmex/m/n on input line 23.
LaTeX Font Info:    ... okay on input line 23.
LaTeX Font Info:    Checking defaults for U/cmr/m/n on input line 23.
LaTeX Font Info:    ... okay on input line 23.
LaTeX Font Info:    Checking defaults for PD1/pdf/m/n on input line 23.
LaTeX Font Info:    ... okay on input line 23.

(/usr/local/texlive/2014/texmf-dist/tex/context/base/supp-pdf.mkii
[Loading MPS to PDF converter (version 2006.09.02).]
\scratchcounter=\count117
\scratchdimen=\dimen136
\scratchbox=\box30
\nofMPsegments=\count118
\nofMParguments=\count119
\everyMPshowfont=\toks22
\MPscratchCnt=\count120
\MPscratchDim=\dimen137
\MPnumerator=\count121
\makeMPintoPDFobject=\count122
\everyMPtoPDFconversion=\toks23
) (/usr/local/texlive/2014/texmf-dist/tex/latex/oberdiek/epstopdf-base.sty
Package: epstopdf-base 2010/02/09 v2.5 Base part for package epstopdf

(/usr/local/texlive/2014/texmf-dist/tex/latex/oberdiek/grfext.sty
Package: grfext 2010/08/19 v1.1 Manage graphics extensions (HO)
)
Package grfext Info: Graphics extension search list:
(grfext)             [.png,.pdf,.jpg,.mps,.jpeg,.jbig2,.jb2,.PNG,.PDF,.JPG,.JPE
G,.JBIG2,.JB2,.eps]
(grfext)             \AppendGraphicsExtensions on input line 452.

(/usr/local/texlive/2014/texmf-dist/tex/latex/latexconfig/epstopdf-sys.cfg
File: epstopdf-sys.cfg 2010/07/13 v1.3 Configuration of (r)epstopdf for TeX Liv
e
))
*geometry* driver: auto-detecting
*geometry* detected driver: pdftex
*geometry* verbose mode - [ preamble ] result:
* driver: pdftex
* paper: a4paper
* layout: <same size as paper>
* layoutoffset:(h,v)=(0.0pt,0.0pt)
* bindingoffset: 14.45377pt
* modes: 
* h-part:(L,W,R)=(72.26999pt, 438.51413pt, 72.26999pt)
* v-part:(T,H,B)=(86.72377pt, 671.5993pt, 86.72377pt)
* \paperwidth=597.50787pt
* \paperheight=845.04684pt
* \textwidth=438.51413pt
* \textheight=671.5993pt
* \oddsidemargin=14.45377pt
* \evensidemargin=0.0pt
* \topmargin=-22.54622pt
* \headheight=12.0pt
* \headsep=25.0pt
* \topskip=10.0pt
* \footskip=18.06749pt
* \marginparwidth=65.0pt
* \marginparsep=11.0pt
* \columnsep=10.0pt
* \skip\footins=9.0pt plus 4.0pt minus 2.0pt
* \hoffset=0.0pt
* \voffset=0.0pt
* \mag=1000
* \@twocolumnfalse
* \@twosidefalse
* \@mparswitchfalse
* \@reversemarginfalse
* (1in=72.27pt=25.4mm, 1cm=28.453pt)

\AtBeginShipoutBox=\box31
(/usr/local/texlive/2014/texmf-dist/tex/latex/graphics/color.sty
Package: color 2014/04/23 v1.1a Standard LaTeX Color (DPC)

(/usr/local/texlive/2014/texmf-dist/tex/latex/latexconfig/color.cfg
File: color.cfg 2007/01/18 v1.5 color configuration of teTeX/TeXLive
)
Package color Info: Driver file: pdftex.def on input line 137.
)
Package hyperref Info: Link coloring ON on input line 23.

(/usr/local/texlive/2014/texmf-dist/tex/latex/hyperref/nameref.sty
Package: nameref 2012/10/27 v2.43 Cross-referencing by name of section

(/usr/local/texlive/2014/texmf-dist/tex/generic/oberdiek/gettitlestring.sty
Package: gettitlestring 2010/12/03 v1.4 Cleanup title references (HO)
)
\c@section@level=\count123
)
LaTeX Info: Redefining \ref on input line 23.
LaTeX Info: Redefining \pageref on input line 23.
LaTeX Info: Redefining \nameref on input line 23.

(./Draft.out) (./Draft.out)
\@outlinefile=\write3
\openout3 = `Draft.out'.

 [1

{/usr/local/texlive/2014/texmf-var/fonts/map/pdftex/updmap/pdftex.map}]

Package natbib Warning: Citation `xx' on page 2 undefined on input line 54.

[2]

Package natbib Warning: Citation `xx' on page 3 undefined on input line 68.


LaTeX Warning: No positions in optional float specifier.
               Default added (so using `tbp') on input line 72.


Package natbib Warning: Citation `xx' on page 3 undefined on input line 107.

[3]

Package natbib Warning: Citation `xx' on page 4 undefined on input line 119.


Package natbib Warning: Citation `xx' on page 4 undefined on input line 119.


Package natbib Warning: Citation `xx' on page 4 undefined on input line 125.


Package natbib Warning: Citation `xx' on page 4 undefined on input line 142.


Package natbib Warning: Citation `xx' on page 4 undefined on input line 142.

[4] [5]
LaTeX Font Info:    Try loading font information for OMS+cmr on input line 235.

 (/usr/local/texlive/2014/texmf-dist/tex/latex/base/omscmr.fd
File: omscmr.fd 1999/05/25 v2.5h Standard LaTeX font definitions
)
LaTeX Font Info:    Font shape `OMS/cmr/m/n' in size <10> not available
(Font)              Font shape `OMS/cmsy/m/n' tried instead on input line 235.
 [6]
[7] <figures/ni_illustration.png, id=216, 867.24pt x 867.24pt>
File: figures/ni_illustration.png Graphic file (type png)

<use figures/ni_illustration.png>
Package pdftex.def Info: figures/ni_illustration.png used on input line 357.
(pdftex.def)             Requested size: 369.88582pt x 369.88881pt.
 [8] [9 <./figures/ni_illustration.png>]
<figures/ir_popseni.png, id=239, 1156.32pt x 722.7pt>
File: figures/ir_popseni.png Graphic file (type png)

<use figures/ir_popseni.png>
Package pdftex.def Info: figures/ir_popseni.png used on input line 415.
(pdftex.def)             Requested size: 455.24408pt x 284.52051pt.

Overfull \hbox (16.72995pt too wide) in paragraph at lines 415--416
 [][] 
 []

<figures/rigidity.png, id=241, 433.62pt x 433.62pt>
File: figures/rigidity.png Graphic file (type png)
 <use figures/rigidity.png>
Package pdftex.def Info: figures/rigidity.png used on input line 424.
(pdftex.def)             Requested size: 369.88582pt x 369.90204pt.

[10 <./figures/ir_popseni.png>] [11 <./figures/rigidity.png>]

Package natbib Warning: Citation `xxx' on page 12 undefined on input line 493.


Package natbib Warning: Citation `xxx' on page 12 undefined on input line 493.

[12]

LaTeX Warning: Reference `VarREInd' on page 13 undefined on input line 501.

<figures/Inf1yf_CPIAU_varSPFCPIQ.png, id=302, 932.98563pt x 678.535pt>
File: figures/Inf1yf_CPIAU_varSPFCPIQ.png Graphic file (type png)

<use figures/Inf1yf_CPIAU_varSPFCPIQ.png>
Package pdftex.def Info: figures/Inf1yf_CPIAU_varSPFCPIQ.png used on input line
 515.
(pdftex.def)             Requested size: 128.0374pt x 93.1099pt.

<figures/Inf1yf_PCE_varSPFPCEQ.png, id=303, 932.98563pt x 678.535pt>
File: figures/Inf1yf_PCE_varSPFPCEQ.png Graphic file (type png)

<use figures/Inf1yf_PCE_varSPFPCEQ.png>
Package pdftex.def Info: figures/Inf1yf_PCE_varSPFPCEQ.png used on input line 5
16.
(pdftex.def)             Requested size: 128.0374pt x 93.1099pt.

<figures/Inf1yf_CPIAU_varSCEM.png, id=304, 932.98563pt x 678.535pt>
File: figures/Inf1yf_CPIAU_varSCEM.png Graphic file (type png)

<use figures/Inf1yf_CPIAU_varSCEM.png>
Package pdftex.def Info: figures/Inf1yf_CPIAU_varSCEM.png used on input line 51
7.
(pdftex.def)             Requested size: 128.0374pt x 93.1099pt.

<figures/SPFCPI_FE_varSPFCPIQ.png, id=305, 932.98563pt x 678.535pt>
File: figures/SPFCPI_FE_varSPFCPIQ.png Graphic file (type png)

<use figures/SPFCPI_FE_varSPFCPIQ.png>
Package pdftex.def Info: figures/SPFCPI_FE_varSPFCPIQ.png used on input line 51
9.
(pdftex.def)             Requested size: 128.0374pt x 93.1099pt.

<figures/SPFPCE_FE_varSPFPCEQ.png, id=306, 932.98563pt x 678.535pt>
File: figures/SPFPCE_FE_varSPFPCEQ.png Graphic file (type png)

<use figures/SPFPCE_FE_varSPFPCEQ.png>
Package pdftex.def Info: figures/SPFPCE_FE_varSPFPCEQ.png used on input line 52
0.
(pdftex.def)             Requested size: 128.0374pt x 93.1099pt.

<figures/SCE_FE_varSCEM.png, id=307, 932.98563pt x 678.535pt>
File: figures/SCE_FE_varSCEM.png Graphic file (type png)

<use figures/SCE_FE_varSCEM.png>
Package pdftex.def Info: figures/SCE_FE_varSCEM.png used on input line 521.
(pdftex.def)             Requested size: 128.0374pt x 93.1099pt.

<figures/CPI_disg_varSPFCPIQ.png, id=308, 932.98563pt x 678.535pt>
File: figures/CPI_disg_varSPFCPIQ.png Graphic file (type png)

<use figures/CPI_disg_varSPFCPIQ.png>
Package pdftex.def Info: figures/CPI_disg_varSPFCPIQ.png used on input line 523
.
(pdftex.def)             Requested size: 128.0374pt x 93.1099pt.

<figures/PCE_disg_varSPFPCEQ.png, id=309, 932.98563pt x 678.535pt>
File: figures/PCE_disg_varSPFPCEQ.png Graphic file (type png)

<use figures/PCE_disg_varSPFPCEQ.png>
Package pdftex.def Info: figures/PCE_disg_varSPFPCEQ.png used on input line 524
.
(pdftex.def)             Requested size: 128.0374pt x 93.1099pt.

<figures/Q9_disg_varSCEM.png, id=310, 932.98563pt x 678.535pt>
File: figures/Q9_disg_varSCEM.png Graphic file (type png)

<use figures/Q9_disg_varSCEM.png>
Package pdftex.def Info: figures/Q9_disg_varSCEM.png used on input line 525.
(pdftex.def)             Requested size: 128.0374pt x 93.1099pt.

<figures/IQRmeanCPIQ.png, id=311, 932.98563pt x 678.535pt>
File: figures/IQRmeanCPIQ.png Graphic file (type png)

<use figures/IQRmeanCPIQ.png>
Package pdftex.def Info: figures/IQRmeanCPIQ.png used on input line 533.
(pdftex.def)             Requested size: 199.16928pt x 144.84682pt.

<figures/IQRvarCPIQ.png, id=312, 932.98563pt x 678.535pt>
File: figures/IQRvarCPIQ.png Graphic file (type png)

<use figures/IQRvarCPIQ.png>
Package pdftex.def Info: figures/IQRvarCPIQ.png used on input line 534.
(pdftex.def)             Requested size: 199.16928pt x 144.84682pt.

<figures/IQRmeanPCEQ.png, id=313, 932.98563pt x 678.535pt>
File: figures/IQRmeanPCEQ.png Graphic file (type png)

<use figures/IQRmeanPCEQ.png>
Package pdftex.def Info: figures/IQRmeanPCEQ.png used on input line 536.
(pdftex.def)             Requested size: 199.16928pt x 144.84682pt.

<figures/IQRvarPCEQ.png, id=314, 932.98563pt x 678.535pt>
File: figures/IQRvarPCEQ.png Graphic file (type png)

<use figures/IQRvarPCEQ.png>
Package pdftex.def Info: figures/IQRvarPCEQ.png used on input line 537.
(pdftex.def)             Requested size: 199.16928pt x 144.84682pt.

<figures/IQRmeanSCEM.png, id=315, 932.98563pt x 678.535pt>
File: figures/IQRmeanSCEM.png Graphic file (type png)

<use figures/IQRmeanSCEM.png>
Package pdftex.def Info: figures/IQRmeanSCEM.png used on input line 539.
(pdftex.def)             Requested size: 199.16928pt x 144.84682pt.

<figures/IQRvarSCEM.png, id=316, 932.98563pt x 678.535pt>
File: figures/IQRvarSCEM.png Graphic file (type png)

<use figures/IQRvarSCEM.png>
Package pdftex.def Info: figures/IQRvarSCEM.png used on input line 540.
(pdftex.def)             Requested size: 199.16928pt x 144.84682pt.

<figures/PRCCPIMean1_hist.png, id=317, 932.98563pt x 678.535pt>
File: figures/PRCCPIMean1_hist.png Graphic file (type png)

<use figures/PRCCPIMean1_hist.png>
Package pdftex.def Info: figures/PRCCPIMean1_hist.png used on input line 548.
(pdftex.def)             Requested size: 199.16928pt x 144.84682pt.

<figures/PRCCPIVar1_hist.png, id=318, 932.98563pt x 678.535pt>
File: figures/PRCCPIVar1_hist.png Graphic file (type png)

<use figures/PRCCPIVar1_hist.png>
Package pdftex.def Info: figures/PRCCPIVar1_hist.png used on input line 549.
(pdftex.def)             Requested size: 199.16928pt x 144.84682pt.

<figures/PRCPCEMean1_hist.png, id=319, 932.98563pt x 678.535pt>
File: figures/PRCPCEMean1_hist.png Graphic file (type png)

<use figures/PRCPCEMean1_hist.png>
Package pdftex.def Info: figures/PRCPCEMean1_hist.png used on input line 551.
(pdftex.def)             Requested size: 199.16928pt x 144.84682pt.

<figures/PRCPCEVar1_hist.png, id=320, 932.98563pt x 678.535pt>
File: figures/PRCPCEVar1_hist.png Graphic file (type png)

<use figures/PRCPCEVar1_hist.png>
Package pdftex.def Info: figures/PRCPCEVar1_hist.png used on input line 552.
(pdftex.def)             Requested size: 199.16928pt x 144.84682pt.

<figures/SCEmean_hist.png, id=321, 932.98563pt x 678.535pt>
File: figures/SCEmean_hist.png Graphic file (type png)

<use figures/SCEmean_hist.png>
Package pdftex.def Info: figures/SCEmean_hist.png used on input line 554.
(pdftex.def)             Requested size: 199.16928pt x 144.84682pt.

<figures/SCEvar_hist.png, id=322, 932.98563pt x 678.535pt>
File: figures/SCEvar_hist.png Graphic file (type png)

<use figures/SCEvar_hist.png>
Package pdftex.def Info: figures/SCEvar_hist.png used on input line 555.
(pdftex.def)             Requested size: 199.16928pt x 144.84682pt.

<figures/PRCCPIMean01_rv_true_hist.png, id=323, 932.98563pt x 678.535pt>
File: figures/PRCCPIMean01_rv_true_hist.png Graphic file (type png)

<use figures/PRCCPIMean01_rv_true_hist.png>
Package pdftex.def Info: figures/PRCCPIMean01_rv_true_hist.png used on input li
ne 563.
(pdftex.def)             Requested size: 199.16928pt x 144.84682pt.

<figures/PRCCPIVar01_rv_true_hist.png, id=324, 932.98563pt x 678.535pt>
File: figures/PRCCPIVar01_rv_true_hist.png Graphic file (type png)

<use figures/PRCCPIVar01_rv_true_hist.png>
Package pdftex.def Info: figures/PRCCPIVar01_rv_true_hist.png used on input lin
e 564.
(pdftex.def)             Requested size: 199.16928pt x 144.84682pt.

<figures/PRCPCEMean01_rv_true_hist.png, id=325, 932.98563pt x 678.535pt>
File: figures/PRCPCEMean01_rv_true_hist.png Graphic file (type png)

<use figures/PRCPCEMean01_rv_true_hist.png>
Package pdftex.def Info: figures/PRCPCEMean01_rv_true_hist.png used on input li
ne 566.
(pdftex.def)             Requested size: 199.16928pt x 144.84682pt.

<figures/PRCPCEVar01_rv_true_hist.png, id=326, 932.98563pt x 678.535pt>
File: figures/PRCPCEVar01_rv_true_hist.png Graphic file (type png)

<use figures/PRCPCEVar01_rv_true_hist.png>
Package pdftex.def Info: figures/PRCPCEVar01_rv_true_hist.png used on input lin
e 567.
(pdftex.def)             Requested size: 199.16928pt x 144.84682pt.
 [13] [14 <./figures/Inf1yf_CPIAU_varSPFCPIQ.png> <./figures/Inf1yf_PCE_varSPFP
CEQ.png> <./figures/Inf1yf_CPIAU_varSCEM.png> <./figures/SPFCPI_FE_varSPFCPIQ.p
ng> <./figures/SPFPCE_FE_varSPFPCEQ.png> <./figures/SCE_FE_varSCEM.png> <./figu
res/CPI_disg_varSPFCPIQ.png> <./figures/PCE_disg_varSPFPCEQ.png> <./figures/Q9_
disg_varSCEM.png>] [15 <./figures/IQRmeanCPIQ.png> <./figures/IQRvarCPIQ.png> <
./figures/IQRmeanPCEQ.png> <./figures/IQRvarPCEQ.png> <./figures/IQRmeanSCEM.pn
g> <./figures/IQRvarSCEM.png>]
[16 <./figures/PRCCPIMean1_hist.png> <./figures/PRCCPIVar1_hist.png> <./figures
/PRCPCEMean1_hist.png> <./figures/PRCPCEVar1_hist.png> <./figures/SCEmean_hist.
png> <./figures/SCEvar_hist.png>]

LaTeX Warning: Float too large for page by 31.15239pt on input line 776.


Package natbib Warning: Citation `coibon2012can' on page 17 undefined on input 
line 782.

[17 <./figures/PRCCPIMean01_rv_true_hist.png> <./figures/PRCCPIVar01_rv_true_hi
st.png> <./figures/PRCPCEMean01_rv_true_hist.png> <./figures/PRCPCEVar01_rv_tru
e_hist.png>] [18] <figures/inf_shocksQ.png, id=465, 932.98563pt x 678.535pt>
File: figures/inf_shocksQ.png Graphic file (type png)

<use figures/inf_shocksQ.png>
Package pdftex.def Info: figures/inf_shocksQ.png used on input line 797.
(pdftex.def)             Requested size: 341.43306pt x 248.31032pt.


Package hyperref Warning: Token not allowed in a PDF string (PDFDocEncoding):
(hyperref)                removing `\begingroup' on input line 802.


Package hyperref Warning: Token not allowed in a PDF string (PDFDocEncoding):
(hyperref)                removing `\let' on input line 802.


Package hyperref Warning: Token not allowed in a PDF string (PDFDocEncoding):
(hyperref)                removing `\<let>-command' on input line 802.


Package hyperref Warning: Token not allowed in a PDF string (PDFDocEncoding):
(hyperref)                removing `\NAT@ctype' on input line 802.


Package hyperref Warning: Token not allowed in a PDF string (PDFDocEncoding):
(hyperref)                removing `\z@' on input line 802.


Package hyperref Warning: Token not allowed in a PDF string (PDFDocEncoding):
(hyperref)                removing `\let' on input line 802.


Package hyperref Warning: Token not allowed in a PDF string (PDFDocEncoding):
(hyperref)                removing `\new@ifnextchar' on input line 802.

[19 <./figures/inf_shocksQ.png>]

Package natbib Warning: Citation `xxx' on page 20 undefined on input line 828.

<figures/CPIAU_ashocks_nmp_before2007.png, id=495, 932.98563pt x 678.535pt>
File: figures/CPIAU_ashocks_nmp_before2007.png Graphic file (type png)

<use figures/CPIAU_ashocks_nmp_before2007.png>
Package pdftex.def Info: figures/CPIAU_ashocks_nmp_before2007.png used on input
 line 832.
(pdftex.def)             Requested size: 199.16438pt x 85.35504pt.

<figures/CPIAU_ashocks_before2007.png, id=496, 932.98563pt x 678.535pt>
File: figures/CPIAU_ashocks_before2007.png Graphic file (type png)

<use figures/CPIAU_ashocks_before2007.png>
Package pdftex.def Info: figures/CPIAU_ashocks_before2007.png used on input lin
e 833.
(pdftex.def)             Requested size: 199.16438pt x 85.35504pt.

<figures/SPFFE_ashocks_nmp_before2007.png, id=497, 932.98563pt x 678.535pt>
File: figures/SPFFE_ashocks_nmp_before2007.png Graphic file (type png)

<use figures/SPFFE_ashocks_nmp_before2007.png>
Package pdftex.def Info: figures/SPFFE_ashocks_nmp_before2007.png used on input
 line 835.
(pdftex.def)             Requested size: 199.16438pt x 85.35504pt.

<figures/SPFFE_ashocks_before2007.png, id=498, 932.98563pt x 678.535pt>
File: figures/SPFFE_ashocks_before2007.png Graphic file (type png)

<use figures/SPFFE_ashocks_before2007.png>
Package pdftex.def Info: figures/SPFFE_ashocks_before2007.png used on input lin
e 836.
(pdftex.def)             Requested size: 199.16438pt x 85.35504pt.

<figures/SPFDisg_ab_ashocks_nmp_before2007.png, id=499, 932.98563pt x 678.535pt
>
File: figures/SPFDisg_ab_ashocks_nmp_before2007.png Graphic file (type png)
 <use figures/SPFDisg_ab_ashocks_nmp_before2007.png>
Package pdftex.def Info: figures/SPFDisg_ab_ashocks_nmp_before2007.png used on 
input line 838.
(pdftex.def)             Requested size: 199.16438pt x 85.35504pt.

<figures/SPFDisg_ab_ashocks_before2007.png, id=500, 932.98563pt x 678.535pt>
File: figures/SPFDisg_ab_ashocks_before2007.png Graphic file (type png)

<use figures/SPFDisg_ab_ashocks_before2007.png>
Package pdftex.def Info: figures/SPFDisg_ab_ashocks_before2007.png used on inpu
t line 839.
(pdftex.def)             Requested size: 199.16438pt x 85.35504pt.
 [20]

LaTeX Warning: Reference `VarREEq' on page 21 undefined on input line 852.

[21 <./figures/CPIAU_ashocks_nmp_before2007.png> <./figures/CPIAU_ashocks_befor
e2007.png> <./figures/SPFFE_ashocks_nmp_before2007.png> <./figures/SPFFE_ashock
s_before2007.png> <./figures/SPFDisg_ab_ashocks_nmp_before2007.png> <./figures/
SPFDisg_ab_ashocks_before2007.png>]
<figures/Inf_ashocks_nmp.png, id=536, 932.98563pt x 678.535pt>
File: figures/Inf_ashocks_nmp.png Graphic file (type png)

<use figures/Inf_ashocks_nmp.png>
Package pdftex.def Info: figures/Inf_ashocks_nmp.png used on input line 866.
(pdftex.def)             Requested size: 199.16928pt x 144.84682pt.

<figures/Inf_ashocks.png, id=537, 932.98563pt x 678.535pt>
File: figures/Inf_ashocks.png Graphic file (type png)

<use figures/Inf_ashocks.png>
Package pdftex.def Info: figures/Inf_ashocks.png used on input line 867.
(pdftex.def)             Requested size: 199.16928pt x 144.84682pt.

<figures/SPFFE_ashocks_nmp.png, id=538, 932.98563pt x 678.535pt>
File: figures/SPFFE_ashocks_nmp.png Graphic file (type png)

<use figures/SPFFE_ashocks_nmp.png>
Package pdftex.def Info: figures/SPFFE_ashocks_nmp.png used on input line 869.
(pdftex.def)             Requested size: 199.16928pt x 144.84682pt.

<figures/SPFFE_ashocks.png, id=539, 932.98563pt x 678.535pt>
File: figures/SPFFE_ashocks.png Graphic file (type png)

<use figures/SPFFE_ashocks.png>
Package pdftex.def Info: figures/SPFFE_ashocks.png used on input line 870.
(pdftex.def)             Requested size: 199.16928pt x 144.84682pt.

<figures/SPFDisg_ab_ashocks_nmp.png, id=540, 932.98563pt x 678.535pt>
File: figures/SPFDisg_ab_ashocks_nmp.png Graphic file (type png)

<use figures/SPFDisg_ab_ashocks_nmp.png>
Package pdftex.def Info: figures/SPFDisg_ab_ashocks_nmp.png used on input line 
872.
(pdftex.def)             Requested size: 199.16928pt x 144.84682pt.

<figures/SPFDisg_ab_ashocks.png, id=541, 932.98563pt x 678.535pt>
File: figures/SPFDisg_ab_ashocks.png Graphic file (type png)

<use figures/SPFDisg_ab_ashocks.png>
Package pdftex.def Info: figures/SPFDisg_ab_ashocks.png used on input line 873.

(pdftex.def)             Requested size: 199.16928pt x 144.84682pt.

<figures/SPFVar_ab_ashocks_nmp.png, id=542, 932.98563pt x 678.535pt>
File: figures/SPFVar_ab_ashocks_nmp.png Graphic file (type png)

<use figures/SPFVar_ab_ashocks_nmp.png>
Package pdftex.def Info: figures/SPFVar_ab_ashocks_nmp.png used on input line 8
75.
(pdftex.def)             Requested size: 199.16928pt x 144.84682pt.

<figures/SPFVar_ab_ashocks.png, id=543, 932.98563pt x 678.535pt>
File: figures/SPFVar_ab_ashocks.png Graphic file (type png)

<use figures/SPFVar_ab_ashocks.png>
Package pdftex.def Info: figures/SPFVar_ab_ashocks.png used on input line 876.
(pdftex.def)             Requested size: 199.16928pt x 144.84682pt.

<figures/CPIAU_ashocks_nmpM.png, id=550, 932.98563pt x 678.535pt>
File: figures/CPIAU_ashocks_nmpM.png Graphic file (type png)

<use figures/CPIAU_ashocks_nmpM.png>
Package pdftex.def Info: figures/CPIAU_ashocks_nmpM.png used on input line 904.

(pdftex.def)             Requested size: 85.346pt x 56.90337pt.

<figures/CPIAU_ashocksM.png, id=551, 932.98563pt x 678.535pt>
File: figures/CPIAU_ashocksM.png Graphic file (type png)

<use figures/CPIAU_ashocksM.png>
Package pdftex.def Info: figures/CPIAU_ashocksM.png used on input line 905.
(pdftex.def)             Requested size: 170.70622pt x 56.90337pt.

<figures/SCEFE_ashocks_nmpM.png, id=552, 932.98563pt x 678.535pt>
File: figures/SCEFE_ashocks_nmpM.png Graphic file (type png)

<use figures/SCEFE_ashocks_nmpM.png>
Package pdftex.def Info: figures/SCEFE_ashocks_nmpM.png used on input line 907.

(pdftex.def)             Requested size: 85.346pt x 56.90337pt.

<figures/SCEFE_ashocksM.png, id=553, 932.98563pt x 678.535pt>
File: figures/SCEFE_ashocksM.png Graphic file (type png)

<use figures/SCEFE_ashocksM.png>
Package pdftex.def Info: figures/SCEFE_ashocksM.png used on input line 908.
(pdftex.def)             Requested size: 170.70622pt x 56.90337pt.

<figures/SCEDisg_ab_ashocks_nmpM.png, id=554, 932.98563pt x 678.535pt>
File: figures/SCEDisg_ab_ashocks_nmpM.png Graphic file (type png)

<use figures/SCEDisg_ab_ashocks_nmpM.png>
Package pdftex.def Info: figures/SCEDisg_ab_ashocks_nmpM.png used on input line
 910.
(pdftex.def)             Requested size: 85.346pt x 56.90337pt.

<figures/SCEDisg_ab_ashocksM.png, id=555, 932.98563pt x 678.535pt>
File: figures/SCEDisg_ab_ashocksM.png Graphic file (type png)

<use figures/SCEDisg_ab_ashocksM.png>
Package pdftex.def Info: figures/SCEDisg_ab_ashocksM.png used on input line 911
.
(pdftex.def)             Requested size: 170.70622pt x 56.90337pt.

<figures/SCEVar_ab_ashocks_nmpM.png, id=556, 932.98563pt x 678.535pt>
File: figures/SCEVar_ab_ashocks_nmpM.png Graphic file (type png)

<use figures/SCEVar_ab_ashocks_nmpM.png>
Package pdftex.def Info: figures/SCEVar_ab_ashocks_nmpM.png used on input line 
913.
(pdftex.def)             Requested size: 85.346pt x 56.90337pt.

<figures/SCEVar_ab_ashocksM.png, id=557, 932.98563pt x 678.535pt>
File: figures/SCEVar_ab_ashocksM.png Graphic file (type png)

<use figures/SCEVar_ab_ashocksM.png>
Package pdftex.def Info: figures/SCEVar_ab_ashocksM.png used on input line 914.

(pdftex.def)             Requested size: 170.70622pt x 56.90337pt.
 [22] (./Draft.bbl [23])

Package natbib Warning: There were undefined citations.

Package atveryend Info: Empty hook `BeforeClearDocument' on input line 942.
[24] [25] [26] [27 <./figures/Inf_ashocks_nmp.png> <./figures/Inf_ashocks.png> 
<./figures/SPFFE_ashocks_nmp.png> <./figures/SPFFE_ashocks.png> <./figures/SPFD
isg_ab_ashocks_nmp.png> <./figures/SPFDisg_ab_ashocks.png> <./figures/SPFVar_ab
_ashocks_nmp.png> <./figures/SPFVar_ab_ashocks.png>] [28 <./figures/CPIAU_ashoc
ks_nmpM.png> <./figures/CPIAU_ashocksM.png> <./figures/SCEFE_ashocks_nmpM.png> 
<./figures/SCEFE_ashocksM.png> <./figures/SCEDisg_ab_ashocks_nmpM.png> <./figur
es/SCEDisg_ab_ashocksM.png> <./figures/SCEVar_ab_ashocks_nmpM.png> <./figures/S
CEVar_ab_ashocksM.png>]
Package atveryend Info: Empty hook `AfterLastShipout' on input line 942.
 (./Draft.aux)
Package atveryend Info: Executing hook `AtVeryEndDocument' on input line 942.
Package atveryend Info: Executing hook `AtEndAfterFileList' on input line 942.
Package rerunfilecheck Info: File `Draft.out' has not changed.
(rerunfilecheck)             Checksum: 6A7D29F9B2E583B0E0BE86E54FB1AB2F;1811.


LaTeX Warning: There were undefined references.

Package atveryend Info: Empty hook `AtVeryVeryEnd' on input line 942.
 ) 
Here is how much of TeX's memory you used:
 7717 strings out of 493117
 117794 string characters out of 6135433
 275864 words of memory out of 5000000
 10889 multiletter control sequences out of 15000+600000
 10285 words of font info for 37 fonts, out of 8000000 for 9000
 1141 hyphenation exceptions out of 8191
 40i,20n,35p,1245b,469s stack positions out of 5000i,500n,10000p,200000b,80000s
</usr/local/texlive/2014/texmf-dist/fonts/type1/public/amsfonts/cm/cmbx10.pfb
></usr/local/texlive/2014/texmf-dist/fonts/type1/public/amsfonts/cm/cmbx12.pfb>
</usr/local/texlive/2014/texmf-dist/fonts/type1/public/amsfonts/cm/cmbx8.pfb></
usr/local/texlive/2014/texmf-dist/fonts/type1/public/amsfonts/cm/cmbx9.pfb></us
r/local/texlive/2014/texmf-dist/fonts/type1/public/amsfonts/cm/cmex10.pfb></usr
/local/texlive/2014/texmf-dist/fonts/type1/public/amsfonts/cm/cmmi10.pfb></usr/
local/texlive/2014/texmf-dist/fonts/type1/public/amsfonts/cm/cmmi5.pfb></usr/lo
cal/texlive/2014/texmf-dist/fonts/type1/public/amsfonts/cm/cmmi6.pfb></usr/loca
l/texlive/2014/texmf-dist/fonts/type1/public/amsfonts/cm/cmmi7.pfb></usr/local/
texlive/2014/texmf-dist/fonts/type1/public/amsfonts/cm/cmmi8.pfb></usr/local/te
xlive/2014/texmf-dist/fonts/type1/public/amsfonts/cm/cmr10.pfb></usr/local/texl
ive/2014/texmf-dist/fonts/type1/public/amsfonts/cm/cmr12.pfb></usr/local/texliv
e/2014/texmf-dist/fonts/type1/public/amsfonts/cm/cmr17.pfb></usr/local/texlive/
2014/texmf-dist/fonts/type1/public/amsfonts/cm/cmr6.pfb></usr/local/texlive/201
4/texmf-dist/fonts/type1/public/amsfonts/cm/cmr7.pfb></usr/local/texlive/2014/t
exmf-dist/fonts/type1/public/amsfonts/cm/cmr8.pfb></usr/local/texlive/2014/texm
f-dist/fonts/type1/public/amsfonts/cm/cmr9.pfb></usr/local/texlive/2014/texmf-d
ist/fonts/type1/public/amsfonts/cm/cmsy10.pfb></usr/local/texlive/2014/texmf-di
st/fonts/type1/public/amsfonts/cm/cmsy5.pfb></usr/local/texlive/2014/texmf-dist
/fonts/type1/public/amsfonts/cm/cmsy6.pfb></usr/local/texlive/2014/texmf-dist/f
onts/type1/public/amsfonts/cm/cmsy7.pfb></usr/local/texlive/2014/texmf-dist/fon
ts/type1/public/amsfonts/cm/cmsy8.pfb></usr/local/texlive/2014/texmf-dist/fonts
/type1/public/amsfonts/cm/cmti10.pfb>
Output written on Draft.pdf (28 pages, 5656485 bytes).
PDF statistics:
 720 PDF objects out of 1000 (max. 8388607)
 559 compressed objects within 6 object streams
 147 named destinations out of 1000 (max. 500000)
 448 words of extra memory for PDF output out of 10000 (max. 10000000)

