This is pdfTeX, Version 3.14159265-2.6-1.40.20 (TeX Live 2019) (preloaded format=pdflatex 2019.5.8)  10 APR 2020 18:07
entering extended mode
 restricted \write18 enabled.
 %&-line parsing enabled.
**InfVar.tex
(./InfVar.tex
LaTeX2e <2018-12-01>
(/usr/local/texlive/2019/texmf-dist/tex/latex/base/article.cls
Document Class: article 2018/09/03 v1.4i Standard LaTeX document class
(/usr/local/texlive/2019/texmf-dist/tex/latex/base/size12.clo
File: size12.clo 2018/09/03 v1.4i Standard LaTeX file (size option)
)
\c@part=\count80
\c@section=\count81
\c@subsection=\count82
\c@subsubsection=\count83
\c@paragraph=\count84
\c@subparagraph=\count85
\c@figure=\count86
\c@table=\count87
\abovecaptionskip=\skip41
\belowcaptionskip=\skip42
\bibindent=\dimen102
)
(/usr/local/texlive/2019/texmf-dist/tex/latex/amsmath/amsmath.sty
Package: amsmath 2018/12/01 v2.17b AMS math features
\@mathmargin=\skip43

For additional information on amsmath, use the `?' option.
(/usr/local/texlive/2019/texmf-dist/tex/latex/amsmath/amstext.sty
Package: amstext 2000/06/29 v2.01 AMS text

(/usr/local/texlive/2019/texmf-dist/tex/latex/amsmath/amsgen.sty
File: amsgen.sty 1999/11/30 v2.0 generic functions
\@emptytoks=\toks14
\ex@=\dimen103
))
(/usr/local/texlive/2019/texmf-dist/tex/latex/amsmath/amsbsy.sty
Package: amsbsy 1999/11/29 v1.2d Bold Symbols
\pmbraise@=\dimen104
)
(/usr/local/texlive/2019/texmf-dist/tex/latex/amsmath/amsopn.sty
Package: amsopn 2016/03/08 v2.02 operator names
)
\inf@bad=\count88
LaTeX Info: Redefining \frac on input line 223.
\uproot@=\count89
\leftroot@=\count90
LaTeX Info: Redefining \overline on input line 385.
\classnum@=\count91
\DOTSCASE@=\count92
LaTeX Info: Redefining \ldots on input line 482.
LaTeX Info: Redefining \dots on input line 485.
LaTeX Info: Redefining \cdots on input line 606.
\Mathstrutbox@=\box27
\strutbox@=\box28
\big@size=\dimen105
LaTeX Font Info:    Redeclaring font encoding OML on input line 729.
LaTeX Font Info:    Redeclaring font encoding OMS on input line 730.
\macc@depth=\count93
\c@MaxMatrixCols=\count94
\dotsspace@=\muskip10
\c@parentequation=\count95
\dspbrk@lvl=\count96
\tag@help=\toks15
\row@=\count97
\column@=\count98
\maxfields@=\count99
\andhelp@=\toks16
\eqnshift@=\dimen106
\alignsep@=\dimen107
\tagshift@=\dimen108
\tagwidth@=\dimen109
\totwidth@=\dimen110
\lineht@=\dimen111
\@envbody=\toks17
\multlinegap=\skip44
\multlinetaggap=\skip45
\mathdisplay@stack=\toks18
LaTeX Info: Redefining \[ on input line 2844.
LaTeX Info: Redefining \] on input line 2845.
)
(/usr/local/texlive/2019/texmf-dist/tex/latex/adjustbox/adjustbox.sty
Package: adjustbox 2019/01/04 v1.2 Adjusting TeX boxes (trim, clip, ...)

(/usr/local/texlive/2019/texmf-dist/tex/latex/xkeyval/xkeyval.sty
Package: xkeyval 2014/12/03 v2.7a package option processing (HA)

(/usr/local/texlive/2019/texmf-dist/tex/generic/xkeyval/xkeyval.tex
(/usr/local/texlive/2019/texmf-dist/tex/generic/xkeyval/xkvutils.tex
\XKV@toks=\toks19
\XKV@tempa@toks=\toks20

(/usr/local/texlive/2019/texmf-dist/tex/generic/xkeyval/keyval.tex))
\XKV@depth=\count100
File: xkeyval.tex 2014/12/03 v2.7a key=value parser (HA)
))
(/usr/local/texlive/2019/texmf-dist/tex/latex/adjustbox/adjcalc.sty
Package: adjcalc 2012/05/16 v1.1 Provides advanced setlength with multiple back
-ends (calc, etex, pgfmath)
)
(/usr/local/texlive/2019/texmf-dist/tex/latex/adjustbox/trimclip.sty
Package: trimclip 2018/04/08 v1.1 Trim and clip general TeX material

(/usr/local/texlive/2019/texmf-dist/tex/latex/graphics/graphicx.sty
Package: graphicx 2017/06/01 v1.1a Enhanced LaTeX Graphics (DPC,SPQR)

(/usr/local/texlive/2019/texmf-dist/tex/latex/graphics/graphics.sty
Package: graphics 2017/06/25 v1.2c Standard LaTeX Graphics (DPC,SPQR)

(/usr/local/texlive/2019/texmf-dist/tex/latex/graphics/trig.sty
Package: trig 2016/01/03 v1.10 sin cos tan (DPC)
)
(/usr/local/texlive/2019/texmf-dist/tex/latex/graphics-cfg/graphics.cfg
File: graphics.cfg 2016/06/04 v1.11 sample graphics configuration
)
Package graphics Info: Driver file: pdftex.def on input line 99.

(/usr/local/texlive/2019/texmf-dist/tex/latex/graphics-def/pdftex.def
File: pdftex.def 2018/01/08 v1.0l Graphics/color driver for pdftex
))
\Gin@req@height=\dimen112
\Gin@req@width=\dimen113
)
(/usr/local/texlive/2019/texmf-dist/tex/latex/collectbox/collectbox.sty
Package: collectbox 2012/05/17 v0.4b Collect macro arguments as boxes
\collectedbox=\box29
)
\tc@llx=\dimen114
\tc@lly=\dimen115
\tc@urx=\dimen116
\tc@ury=\dimen117
Package trimclip Info: Using driver 'tc-pdftex.def'.

(/usr/local/texlive/2019/texmf-dist/tex/latex/adjustbox/tc-pdftex.def
File: tc-pdftex.def 2019/01/04 v2.2 Clipping driver for pdftex
))
\adjbox@Width=\dimen118
\adjbox@Height=\dimen119
\adjbox@Depth=\dimen120
\adjbox@Totalheight=\dimen121
\adjbox@pwidth=\dimen122
\adjbox@pheight=\dimen123
\adjbox@pdepth=\dimen124
\adjbox@ptotalheight=\dimen125

(/usr/local/texlive/2019/texmf-dist/tex/latex/ifoddpage/ifoddpage.sty
Package: ifoddpage 2016/04/23 v1.1 Conditionals for odd/even page detection
\c@checkoddpage=\count101
)
(/usr/local/texlive/2019/texmf-dist/tex/latex/varwidth/varwidth.sty
Package: varwidth 2009/03/30 ver 0.92;  Variable-width minipages
\@vwid@box=\box30
\sift@deathcycles=\count102
\@vwid@loff=\dimen126
\@vwid@roff=\dimen127
))
(/usr/local/texlive/2019/texmf-dist/tex/latex/tools/tabularx.sty
Package: tabularx 2016/02/03 v2.11b `tabularx' package (DPC)

(/usr/local/texlive/2019/texmf-dist/tex/latex/tools/array.sty
Package: array 2018/12/30 v2.4k Tabular extension package (FMi)
\col@sep=\dimen128
\ar@mcellbox=\box31
\extrarowheight=\dimen129
\NC@list=\toks21
\extratabsurround=\skip46
\backup@length=\skip47
\ar@cellbox=\box32
)
\TX@col@width=\dimen130
\TX@old@table=\dimen131
\TX@old@col=\dimen132
\TX@target=\dimen133
\TX@delta=\dimen134
\TX@cols=\count103
\TX@ftn=\toks22
)
(/usr/local/texlive/2019/texmf-dist/tex/latex/geometry/geometry.sty
Package: geometry 2018/04/16 v5.8 Page Geometry

(/usr/local/texlive/2019/texmf-dist/tex/generic/oberdiek/ifpdf.sty
Package: ifpdf 2018/09/07 v3.3 Provides the ifpdf switch
)
(/usr/local/texlive/2019/texmf-dist/tex/generic/oberdiek/ifvtex.sty
Package: ifvtex 2016/05/16 v1.6 Detect VTeX and its facilities (HO)
Package ifvtex Info: VTeX not detected.
)
(/usr/local/texlive/2019/texmf-dist/tex/generic/ifxetex/ifxetex.sty
Package: ifxetex 2010/09/12 v0.6 Provides ifxetex conditional
)
\Gm@cnth=\count104
\Gm@cntv=\count105
\c@Gm@tempcnt=\count106
\Gm@bindingoffset=\dimen135
\Gm@wd@mp=\dimen136
\Gm@odd@mp=\dimen137
\Gm@even@mp=\dimen138
\Gm@layoutwidth=\dimen139
\Gm@layoutheight=\dimen140
\Gm@layouthoffset=\dimen141
\Gm@layoutvoffset=\dimen142
\Gm@dimlist=\toks23
)
(/usr/local/texlive/2019/texmf-dist/tex/latex/hyperref/hyperref.sty
Package: hyperref 2018/11/30 v6.88e Hypertext links for LaTeX

(/usr/local/texlive/2019/texmf-dist/tex/generic/oberdiek/hobsub-hyperref.sty
Package: hobsub-hyperref 2016/05/16 v1.14 Bundle oberdiek, subset hyperref (HO)


(/usr/local/texlive/2019/texmf-dist/tex/generic/oberdiek/hobsub-generic.sty
Package: hobsub-generic 2016/05/16 v1.14 Bundle oberdiek, subset generic (HO)
Package: hobsub 2016/05/16 v1.14 Construct package bundles (HO)
Package: infwarerr 2016/05/16 v1.4 Providing info/warning/error messages (HO)
Package: ltxcmds 2016/05/16 v1.23 LaTeX kernel commands for general use (HO)
Package: ifluatex 2016/05/16 v1.4 Provides the ifluatex switch (HO)
Package ifluatex Info: LuaTeX not detected.
Package hobsub Info: Skipping package `ifvtex' (already loaded).
Package: intcalc 2016/05/16 v1.2 Expandable calculations with integers (HO)
Package hobsub Info: Skipping package `ifpdf' (already loaded).
Package: etexcmds 2016/05/16 v1.6 Avoid name clashes with e-TeX commands (HO)
Package: kvsetkeys 2016/05/16 v1.17 Key value parser (HO)
Package: kvdefinekeys 2016/05/16 v1.4 Define keys (HO)
Package: pdftexcmds 2018/09/10 v0.29 Utility functions of pdfTeX for LuaTeX (HO
)
Package pdftexcmds Info: LuaTeX not detected.
Package pdftexcmds Info: \pdf@primitive is available.
Package pdftexcmds Info: \pdf@ifprimitive is available.
Package pdftexcmds Info: \pdfdraftmode found.
Package: pdfescape 2016/05/16 v1.14 Implements pdfTeX's escape features (HO)
Package: bigintcalc 2016/05/16 v1.4 Expandable calculations on big integers (HO
)
Package: bitset 2016/05/16 v1.2 Handle bit-vector datatype (HO)
Package: uniquecounter 2016/05/16 v1.3 Provide unlimited unique counter (HO)
)
Package hobsub Info: Skipping package `hobsub' (already loaded).
Package: letltxmacro 2016/05/16 v1.5 Let assignment for LaTeX macros (HO)
Package: hopatch 2016/05/16 v1.3 Wrapper for package hooks (HO)
Package: xcolor-patch 2016/05/16 xcolor patch
Package: atveryend 2016/05/16 v1.9 Hooks at the very end of document (HO)
Package atveryend Info: \enddocument detected (standard20110627).
Package: atbegshi 2016/06/09 v1.18 At begin shipout hook (HO)
Package: refcount 2016/05/16 v3.5 Data extraction from label references (HO)
Package: hycolor 2016/05/16 v1.8 Color options for hyperref/bookmark (HO)
)
(/usr/local/texlive/2019/texmf-dist/tex/latex/oberdiek/auxhook.sty
Package: auxhook 2016/05/16 v1.4 Hooks for auxiliary files (HO)
)
(/usr/local/texlive/2019/texmf-dist/tex/latex/oberdiek/kvoptions.sty
Package: kvoptions 2016/05/16 v3.12 Key value format for package options (HO)
)
\@linkdim=\dimen143
\Hy@linkcounter=\count107
\Hy@pagecounter=\count108

(/usr/local/texlive/2019/texmf-dist/tex/latex/hyperref/pd1enc.def
File: pd1enc.def 2018/11/30 v6.88e Hyperref: PDFDocEncoding definition (HO)
Now handling font encoding PD1 ...
... no UTF-8 mapping file for font encoding PD1
)
\Hy@SavedSpaceFactor=\count109

(/usr/local/texlive/2019/texmf-dist/tex/latex/latexconfig/hyperref.cfg
File: hyperref.cfg 2002/06/06 v1.2 hyperref configuration of TeXLive
)
Package hyperref Info: Hyper figures OFF on input line 4519.
Package hyperref Info: Link nesting OFF on input line 4524.
Package hyperref Info: Hyper index ON on input line 4527.
Package hyperref Info: Plain pages OFF on input line 4534.
Package hyperref Info: Backreferencing OFF on input line 4539.
Package hyperref Info: Implicit mode ON; LaTeX internals redefined.
Package hyperref Info: Bookmarks ON on input line 4772.
\c@Hy@tempcnt=\count110

(/usr/local/texlive/2019/texmf-dist/tex/latex/url/url.sty
\Urlmuskip=\muskip11
Package: url 2013/09/16  ver 3.4  Verb mode for urls, etc.
)
LaTeX Info: Redefining \url on input line 5125.
\XeTeXLinkMargin=\dimen144
\Fld@menulength=\count111
\Field@Width=\dimen145
\Fld@charsize=\dimen146
Package hyperref Info: Hyper figures OFF on input line 6380.
Package hyperref Info: Link nesting OFF on input line 6385.
Package hyperref Info: Hyper index ON on input line 6388.
Package hyperref Info: backreferencing OFF on input line 6395.
Package hyperref Info: Link coloring OFF on input line 6400.
Package hyperref Info: Link coloring with OCG OFF on input line 6405.
Package hyperref Info: PDF/A mode OFF on input line 6410.
LaTeX Info: Redefining \ref on input line 6450.
LaTeX Info: Redefining \pageref on input line 6454.
\Hy@abspage=\count112
\c@Item=\count113
\c@Hfootnote=\count114
)
Package hyperref Info: Driver (autodetected): hpdftex.

(/usr/local/texlive/2019/texmf-dist/tex/latex/hyperref/hpdftex.def
File: hpdftex.def 2018/11/30 v6.88e Hyperref driver for pdfTeX
\Fld@listcount=\count115
\c@bookmark@seq@number=\count116

(/usr/local/texlive/2019/texmf-dist/tex/latex/oberdiek/rerunfilecheck.sty
Package: rerunfilecheck 2016/05/16 v1.8 Rerun checks for auxiliary files (HO)
Package uniquecounter Info: New unique counter `rerunfilecheck' on input line 2
82.
)
\Hy@SectionHShift=\skip48
)
Package hyperref Info: Option `colorlinks' set `true' on input line 16.

(/usr/local/texlive/2019/texmf-dist/tex/latex/natbib/natbib.sty
Package: natbib 2010/09/13 8.31b (PWD, AO)
\bibhang=\skip49
\bibsep=\skip50
LaTeX Info: Redefining \cite on input line 694.
\c@NAT@ctr=\count117
)
(/usr/local/texlive/2019/texmf-dist/tex/latex/graphics/rotating.sty
Package: rotating 2016/08/11 v2.16d rotated objects in LaTeX

(/usr/local/texlive/2019/texmf-dist/tex/latex/base/ifthen.sty
Package: ifthen 2014/09/29 v1.1c Standard LaTeX ifthen package (DPC)
)
\c@r@tfl@t=\count118
\rotFPtop=\skip51
\rotFPbot=\skip52
\rot@float@box=\box33
\rot@mess@toks=\toks24
)
(/usr/local/texlive/2019/texmf-dist/tex/latex/threeparttable/threeparttable.sty
Package: threeparttable 2003/06/13  v 3.0
\@tempboxb=\box34
) (/usr/local/texlive/2019/texmf-dist/tex/latex/caption/caption.sty
Package: caption 2018/10/06 v3.3-154 Customizing captions (AR)

(/usr/local/texlive/2019/texmf-dist/tex/latex/caption/caption3.sty
Package: caption3 2018/09/12 v1.8c caption3 kernel (AR)
Package caption3 Info: TeX engine: e-TeX on input line 64.
\captionmargin=\dimen147
\captionmargin@=\dimen148
\captionwidth=\dimen149
\caption@tempdima=\dimen150
\caption@indent=\dimen151
\caption@parindent=\dimen152
\caption@hangindent=\dimen153
)
\c@caption@flags=\count119
\c@ContinuedFloat=\count120
Package caption Info: hyperref package is loaded.
Package caption Info: rotating package is loaded.
Package caption Info: threeparttable package is loaded.
)
(/usr/local/texlive/2019/texmf-dist/tex/latex/caption/subcaption.sty
Package: subcaption 2018/05/01 v1.1-162 Sub-captions (AR)
\c@subfigure=\count121
\c@subtable=\count122
)
(./InfVar.aux)
\openout1 = `InfVar.aux'.

LaTeX Font Info:    Checking defaults for OML/cmm/m/it on input line 29.
LaTeX Font Info:    ... okay on input line 29.
LaTeX Font Info:    Checking defaults for T1/cmr/m/n on input line 29.
LaTeX Font Info:    ... okay on input line 29.
LaTeX Font Info:    Checking defaults for OT1/cmr/m/n on input line 29.
LaTeX Font Info:    ... okay on input line 29.
LaTeX Font Info:    Checking defaults for OMS/cmsy/m/n on input line 29.
LaTeX Font Info:    ... okay on input line 29.
LaTeX Font Info:    Checking defaults for OMX/cmex/m/n on input line 29.
LaTeX Font Info:    ... okay on input line 29.
LaTeX Font Info:    Checking defaults for U/cmr/m/n on input line 29.
LaTeX Font Info:    ... okay on input line 29.
LaTeX Font Info:    Checking defaults for PD1/pdf/m/n on input line 29.
LaTeX Font Info:    ... okay on input line 29.

(/usr/local/texlive/2019/texmf-dist/tex/context/base/mkii/supp-pdf.mkii
[Loading MPS to PDF converter (version 2006.09.02).]
\scratchcounter=\count123
\scratchdimen=\dimen154
\scratchbox=\box35
\nofMPsegments=\count124
\nofMParguments=\count125
\everyMPshowfont=\toks25
\MPscratchCnt=\count126
\MPscratchDim=\dimen155
\MPnumerator=\count127
\makeMPintoPDFobject=\count128
\everyMPtoPDFconversion=\toks26
) (/usr/local/texlive/2019/texmf-dist/tex/latex/oberdiek/epstopdf-base.sty
Package: epstopdf-base 2016/05/15 v2.6 Base part for package epstopdf

(/usr/local/texlive/2019/texmf-dist/tex/latex/oberdiek/grfext.sty
Package: grfext 2016/05/16 v1.2 Manage graphics extensions (HO)
)
Package epstopdf-base Info: Redefining graphics rule for `.eps' on input line 4
38.
Package grfext Info: Graphics extension search list:
(grfext)             [.pdf,.png,.jpg,.mps,.jpeg,.jbig2,.jb2,.PDF,.PNG,.JPG,.JPE
G,.JBIG2,.JB2,.eps]
(grfext)             \AppendGraphicsExtensions on input line 456.

(/usr/local/texlive/2019/texmf-dist/tex/latex/latexconfig/epstopdf-sys.cfg
File: epstopdf-sys.cfg 2010/07/13 v1.3 Configuration of (r)epstopdf for TeX Liv
e
))
*geometry* driver: auto-detecting
*geometry* detected driver: pdftex
*geometry* verbose mode - [ preamble ] result:
* driver: pdftex
* paper: a4paper
* layout: <same size as paper>
* layoutoffset:(h,v)=(0.0pt,0.0pt)
* bindingoffset: 14.45377pt
* modes: 
* h-part:(L,W,R)=(72.26999pt, 438.51413pt, 72.26999pt)
* v-part:(T,H,B)=(86.72377pt, 671.5993pt, 86.72377pt)
* \paperwidth=597.50787pt
* \paperheight=845.04684pt
* \textwidth=438.51413pt
* \textheight=671.5993pt
* \oddsidemargin=14.45377pt
* \evensidemargin=0.0pt
* \topmargin=-22.54622pt
* \headheight=12.0pt
* \headsep=25.0pt
* \topskip=12.0pt
* \footskip=18.06749pt
* \marginparwidth=44.0pt
* \marginparsep=10.0pt
* \columnsep=10.0pt
* \skip\footins=10.8pt plus 4.0pt minus 2.0pt
* \hoffset=0.0pt
* \voffset=0.0pt
* \mag=1000
* \@twocolumnfalse
* \@twosidefalse
* \@mparswitchfalse
* \@reversemarginfalse
* (1in=72.27pt=25.4mm, 1cm=28.453pt)

\AtBeginShipoutBox=\box36
(/usr/local/texlive/2019/texmf-dist/tex/latex/graphics/color.sty
Package: color 2016/07/10 v1.1e Standard LaTeX Color (DPC)

(/usr/local/texlive/2019/texmf-dist/tex/latex/graphics-cfg/color.cfg
File: color.cfg 2016/01/02 v1.6 sample color configuration
)
Package color Info: Driver file: pdftex.def on input line 147.
)
Package hyperref Info: Link coloring ON on input line 29.

(/usr/local/texlive/2019/texmf-dist/tex/latex/hyperref/nameref.sty
Package: nameref 2016/05/21 v2.44 Cross-referencing by name of section

(/usr/local/texlive/2019/texmf-dist/tex/generic/oberdiek/gettitlestring.sty
Package: gettitlestring 2016/05/16 v1.5 Cleanup title references (HO)
)
\c@section@level=\count129
)
LaTeX Info: Redefining \ref on input line 29.
LaTeX Info: Redefining \pageref on input line 29.
LaTeX Info: Redefining \nameref on input line 29.

(./InfVar.out) (./InfVar.out)
\@outlinefile=\write3
\openout3 = `InfVar.out'.

Package caption Info: Begin \AtBeginDocument code.
Package caption Info: End \AtBeginDocument code.
LaTeX Font Info:    Try loading font information for OMS+cmr on input line 32.

(/usr/local/texlive/2019/texmf-dist/tex/latex/base/omscmr.fd
File: omscmr.fd 2014/09/29 v2.5h Standard LaTeX font definitions
)
LaTeX Font Info:    Font shape `OMS/cmr/m/n' in size <10> not available
(Font)              Font shape `OMS/cmsy/m/n' tried instead on input line 32.
LaTeX Font Info:    Font shape `OMS/cmr/m/n' in size <7> not available
(Font)              Font shape `OMS/cmsy/m/n' tried instead on input line 32.
 [1

{/usr/local/texlive/2019/texmf-var/fonts/map/pdftex/updmap/pdftex.map}] [2] [3]
 [4]

LaTeX Warning: Reference `Conclusion' on page 5 undefined on input line 77.

[5]
Overfull \hbox (5.18532pt too wide) in paragraph at lines 137--137
[]\OT1/cmr/bx/n/14.4 Benchmark of full-information ra-tio-nal ex-pec-ta-tion(FI
RE) 
 []

[6]
Overfull \hbox (1.0206pt too wide) in paragraph at lines 167--168
[]\OT1/cmr/m/n/12 More gen-er-ally, de-note the fore-cast of $\OML/cmm/m/it/12 
y[]$ \OT1/cmr/m/n/12 over the hori-zon of $\OML/cmm/m/it/12 h \OMS/cmsy/m/n/12 
^^@ \OML/cmm/m/it/12 k$ \OT1/cmr/m/n/12 as $\OML/cmm/m/it/12 y[] \OMS/cmsy/m/n/
12 8\OML/cmm/m/it/12 k \OT1/cmr/m/n/12 =
 []

[7] [8] [9]
LaTeX Font Info:    Font shape `OMS/cmr/m/n' in size <12> not available
(Font)              Font shape `OMS/cmsy/m/n' tried instead on input line 279.
 [10] [11] [12]
<figures/ni_illustration.png, id=328, 867.24pt x 867.24pt>
File: figures/ni_illustration.png Graphic file (type png)
<use figures/ni_illustration.png>
Package pdftex.def Info: figures/ni_illustration.png  used on input line 392.
(pdftex.def)             Requested size: 369.88582pt x 369.88881pt.
 [13] [14]
<figures/ir_popseni.png, id=353, 1156.32pt x 722.7pt>
File: figures/ir_popseni.png Graphic file (type png)
<use figures/ir_popseni.png>
Package pdftex.def Info: figures/ir_popseni.png  used on input line 452.
(pdftex.def)             Requested size: 438.51413pt x 274.06645pt.
 [15]
<figures/rigidity.png, id=365, 433.62pt x 433.62pt>
File: figures/rigidity.png Graphic file (type png)
<use figures/rigidity.png>
Package pdftex.def Info: figures/rigidity.png  used on input line 473.
(pdftex.def)             Requested size: 306.95854pt x 306.9725pt.


Package amsmath Warning: Cannot use `split' here;
(amsmath)                trying to recover with `aligned' on input line 495.


Package amsmath Warning: Cannot use `split' here;
(amsmath)                trying to recover with `aligned' on input line 504.


Package amsmath Warning: Cannot use `split' here;
(amsmath)                trying to recover with `aligned' on input line 514.


Package amsmath Warning: Cannot use `split' here;
(amsmath)                trying to recover with `aligned' on input line 522.


Package amsmath Warning: Cannot use `split' here;
(amsmath)                trying to recover with `aligned' on input line 536.


Overfull \hbox (47.02406pt too wide) in alignment at lines 529--537
 [][][] []
 []

[16]

Package amsmath Warning: Cannot use `split' here;
(amsmath)                trying to recover with `aligned' on input line 546.


Package amsmath Warning: Cannot use `split' here;
(amsmath)                trying to recover with `aligned' on input line 555.


Package amsmath Warning: Cannot use `split' here;
(amsmath)                trying to recover with `aligned' on input line 565.


Package amsmath Warning: Cannot use `split' here;
(amsmath)                trying to recover with `aligned' on input line 574.


Package amsmath Warning: Cannot use `split' here;
(amsmath)                trying to recover with `aligned' on input line 584.


Package amsmath Warning: Cannot use `split' here;
(amsmath)                trying to recover with `aligned' on input line 591.

[17]

Package amsmath Warning: Cannot use `split' here;
(amsmath)                trying to recover with `aligned' on input line 601.


Package amsmath Warning: Cannot use `split' here;
(amsmath)                trying to recover with `aligned' on input line 612.


Package amsmath Warning: Cannot use `split' here;
(amsmath)                trying to recover with `aligned' on input line 632.


Package amsmath Warning: Cannot use `split' here;
(amsmath)                trying to recover with `aligned' on input line 640.


Package amsmath Warning: Cannot use `split' here;
(amsmath)                trying to recover with `aligned' on input line 650.

[18]

Package amsmath Warning: Cannot use `split' here;
(amsmath)                trying to recover with `aligned' on input line 672.

[19] [20] [21]
Overfull \hbox (4.61739pt too wide) in paragraph at lines 736--737
[]\OT1/cmr/m/n/12 Besides, in terms of the dis-tri-bu-tion of un-cer-tainty, th
ere are house-holds/professional
 []

[22]
<figures/Inf1yf_CPICore_varSPFCPIQ.png, id=478, 932.98563pt x 678.535pt>
File: figures/Inf1yf_CPICore_varSPFCPIQ.png Graphic file (type png)
<use figures/Inf1yf_CPICore_varSPFCPIQ.png>
Package pdftex.def Info: figures/Inf1yf_CPICore_varSPFCPIQ.png  used on input l
ine 749.
(pdftex.def)             Requested size: 131.55557pt x 95.67758pt.
<figures/Inf1yf_PCECore_varSPFPCEQ.png, id=479, 932.98563pt x 678.535pt>
File: figures/Inf1yf_PCECore_varSPFPCEQ.png Graphic file (type png)
<use figures/Inf1yf_PCECore_varSPFPCEQ.png>
Package pdftex.def Info: figures/Inf1yf_PCECore_varSPFPCEQ.png  used on input l
ine 750.
(pdftex.def)             Requested size: 131.55557pt x 95.67758pt.
<figures/Inf1yf_CPIAU_varSCEM.png, id=480, 932.98563pt x 678.535pt>
File: figures/Inf1yf_CPIAU_varSCEM.png Graphic file (type png)
<use figures/Inf1yf_CPIAU_varSCEM.png>
Package pdftex.def Info: figures/Inf1yf_CPIAU_varSCEM.png  used on input line 7
51.
(pdftex.def)             Requested size: 131.55557pt x 95.67758pt.
<figures/SPFCPI_abFE_varSPFCPIQ.png, id=481, 932.98563pt x 678.535pt>
File: figures/SPFCPI_abFE_varSPFCPIQ.png Graphic file (type png)
<use figures/SPFCPI_abFE_varSPFCPIQ.png>
Package pdftex.def Info: figures/SPFCPI_abFE_varSPFCPIQ.png  used on input line
 759.
(pdftex.def)             Requested size: 131.55557pt x 95.67758pt.
<figures/SPFPCE_abFE_varSPFPCEQ.png, id=482, 932.98563pt x 678.535pt>
File: figures/SPFPCE_abFE_varSPFPCEQ.png Graphic file (type png)
<use figures/SPFPCE_abFE_varSPFPCEQ.png>
Package pdftex.def Info: figures/SPFPCE_abFE_varSPFPCEQ.png  used on input line
 760.
(pdftex.def)             Requested size: 131.55557pt x 95.67758pt.
<figures/SCE_abFE_varSCEM.png, id=483, 932.98563pt x 678.535pt>
File: figures/SCE_abFE_varSCEM.png Graphic file (type png)
<use figures/SCE_abFE_varSCEM.png>
Package pdftex.def Info: figures/SCE_abFE_varSCEM.png  used on input line 761.
(pdftex.def)             Requested size: 131.55557pt x 95.67758pt.
<figures/CORECPI_disg_varSPFCPIQ.png, id=484, 932.98563pt x 678.535pt>
File: figures/CORECPI_disg_varSPFCPIQ.png Graphic file (type png)
<use figures/CORECPI_disg_varSPFCPIQ.png>
Package pdftex.def Info: figures/CORECPI_disg_varSPFCPIQ.png  used on input lin
e 769.
(pdftex.def)             Requested size: 131.55557pt x 95.67758pt.
<figures/COREPCE_disg_varSPFPCEQ.png, id=485, 932.98563pt x 678.535pt>
File: figures/COREPCE_disg_varSPFPCEQ.png Graphic file (type png)
<use figures/COREPCE_disg_varSPFPCEQ.png>
Package pdftex.def Info: figures/COREPCE_disg_varSPFPCEQ.png  used on input lin
e 770.
(pdftex.def)             Requested size: 131.55557pt x 95.67758pt.
<figures/Q9_disg_varSCEM.png, id=486, 932.98563pt x 678.535pt>
File: figures/Q9_disg_varSCEM.png Graphic file (type png)
<use figures/Q9_disg_varSCEM.png>
Package pdftex.def Info: figures/Q9_disg_varSCEM.png  used on input line 771.
(pdftex.def)             Requested size: 131.55557pt x 95.67758pt.
<figures/IQRmeanCPIQ.png, id=487, 932.98563pt x 678.535pt>
File: figures/IQRmeanCPIQ.png Graphic file (type png)
<use figures/IQRmeanCPIQ.png>
Package pdftex.def Info: figures/IQRmeanCPIQ.png  used on input line 785.
(pdftex.def)             Requested size: 199.16928pt x 144.84682pt.
<figures/IQRmeanPCEQ.png, id=488, 932.98563pt x 678.535pt>
File: figures/IQRmeanPCEQ.png Graphic file (type png)
<use figures/IQRmeanPCEQ.png>
Package pdftex.def Info: figures/IQRmeanPCEQ.png  used on input line 787.
(pdftex.def)             Requested size: 199.16928pt x 144.84682pt.
<figures/IQRmeanSCEM.png, id=489, 932.98563pt x 678.535pt>
File: figures/IQRmeanSCEM.png Graphic file (type png)
<use figures/IQRmeanSCEM.png>
Package pdftex.def Info: figures/IQRmeanSCEM.png  used on input line 789.
(pdftex.def)             Requested size: 199.16928pt x 144.84682pt.
<figures/IQRvarCPIQ.png, id=490, 932.98563pt x 678.535pt>
File: figures/IQRvarCPIQ.png Graphic file (type png)
<use figures/IQRvarCPIQ.png>
Package pdftex.def Info: figures/IQRvarCPIQ.png  used on input line 795.
(pdftex.def)             Requested size: 199.16928pt x 144.84682pt.
<figures/IQRvarPCEQ.png, id=491, 932.98563pt x 678.535pt>
File: figures/IQRvarPCEQ.png Graphic file (type png)
<use figures/IQRvarPCEQ.png>
Package pdftex.def Info: figures/IQRvarPCEQ.png  used on input line 797.
(pdftex.def)             Requested size: 199.16928pt x 144.84682pt.
<figures/IQRvarSCEM.png, id=492, 932.98563pt x 678.535pt>
File: figures/IQRvarSCEM.png Graphic file (type png)
<use figures/IQRvarSCEM.png>
Package pdftex.def Info: figures/IQRvarSCEM.png  used on input line 799.
(pdftex.def)             Requested size: 199.16928pt x 144.84682pt.

Overfull \hbox (2.61108pt too wide) in paragraph at lines 782--801
[][]  [] 
 []

<figures/PRCCPIMean1_hist.png, id=493, 932.98563pt x 678.535pt>
File: figures/PRCCPIMean1_hist.png Graphic file (type png)
<use figures/PRCCPIMean1_hist.png>
Package pdftex.def Info: figures/PRCCPIMean1_hist.png  used on input line 810.
(pdftex.def)             Requested size: 199.16928pt x 144.84682pt.
<figures/PRCPCEMean1_hist.png, id=494, 932.98563pt x 678.535pt>
File: figures/PRCPCEMean1_hist.png Graphic file (type png)
<use figures/PRCPCEMean1_hist.png>
Package pdftex.def Info: figures/PRCPCEMean1_hist.png  used on input line 812.
(pdftex.def)             Requested size: 199.16928pt x 144.84682pt.
<figures/SCEmean_hist.png, id=495, 932.98563pt x 678.535pt>
File: figures/SCEmean_hist.png Graphic file (type png)
<use figures/SCEmean_hist.png>
Package pdftex.def Info: figures/SCEmean_hist.png  used on input line 814.
(pdftex.def)             Requested size: 199.16928pt x 144.84682pt.
<figures/PRCCPIVar1_hist.png, id=496, 932.98563pt x 678.535pt>
File: figures/PRCCPIVar1_hist.png Graphic file (type png)
<use figures/PRCCPIVar1_hist.png>
Package pdftex.def Info: figures/PRCCPIVar1_hist.png  used on input line 819.
(pdftex.def)             Requested size: 199.16928pt x 144.84682pt.
<figures/PRCPCEVar1_hist.png, id=497, 932.98563pt x 678.535pt>
File: figures/PRCPCEVar1_hist.png Graphic file (type png)
<use figures/PRCPCEVar1_hist.png>
Package pdftex.def Info: figures/PRCPCEVar1_hist.png  used on input line 821.
(pdftex.def)             Requested size: 199.16928pt x 144.84682pt.
<figures/SCEvar_hist.png, id=498, 932.98563pt x 678.535pt>
File: figures/SCEvar_hist.png Graphic file (type png)
<use figures/SCEvar_hist.png>
Package pdftex.def Info: figures/SCEvar_hist.png  used on input line 823.
(pdftex.def)             Requested size: 199.16928pt x 144.84682pt.

Underfull \hbox (badness 10000) in paragraph at lines 819--824
[][]
 []


Underfull \hbox (badness 10000) in paragraph at lines 819--824
[]
 []


Overfull \hbox (2.61108pt too wide) in paragraph at lines 807--825
[][]  [] 
 []

<figures/PRCCPIMean01_rv_true_hist.png, id=499, 932.98563pt x 678.535pt>
File: figures/PRCCPIMean01_rv_true_hist.png Graphic file (type png)
<use figures/PRCCPIMean01_rv_true_hist.png>
Package pdftex.def Info: figures/PRCCPIMean01_rv_true_hist.png  used on input l
ine 834.
(pdftex.def)             Requested size: 199.16928pt x 144.84682pt.
<figures/PRCPCEMean01_rv_true_hist.png, id=500, 932.98563pt x 678.535pt>
File: figures/PRCPCEMean01_rv_true_hist.png Graphic file (type png)
<use figures/PRCPCEMean01_rv_true_hist.png>
Package pdftex.def Info: figures/PRCPCEMean01_rv_true_hist.png  used on input l
ine 836.
(pdftex.def)             Requested size: 199.16928pt x 144.84682pt.
<figures/PRCCPIVar01_rv_true_hist.png, id=501, 932.98563pt x 678.535pt>
File: figures/PRCCPIVar01_rv_true_hist.png Graphic file (type png)
<use figures/PRCCPIVar01_rv_true_hist.png>
Package pdftex.def Info: figures/PRCCPIVar01_rv_true_hist.png  used on input li
ne 841.
(pdftex.def)             Requested size: 199.16928pt x 144.84682pt.
<figures/PRCPCEVar01_rv_true_hist.png, id=502, 932.98563pt x 678.535pt>
File: figures/PRCPCEVar01_rv_true_hist.png Graphic file (type png)
<use figures/PRCPCEVar01_rv_true_hist.png>
Package pdftex.def Info: figures/PRCPCEVar01_rv_true_hist.png  used on input li
ne 843.
(pdftex.def)             Requested size: 199.16928pt x 144.84682pt.

Underfull \hbox (badness 10000) in paragraph at lines 841--844
[][]
 []


Overfull \hbox (2.61108pt too wide) in paragraph at lines 831--845
[][]  [] 
 []

[23] [24]
Overfull \hbox (11.26186pt too wide) in paragraph at lines 944--1002
[] 
 []

[25] [26]
Overfull \hbox (11.25977pt too wide) in paragraph at lines 1019--1082
[] 
 []

[27]
<figures/inf_shocksQ.png, id=620, 932.98563pt x 678.535pt>
File: figures/inf_shocksQ.png Graphic file (type png)
<use figures/inf_shocksQ.png>
Package pdftex.def Info: figures/inf_shocksQ.png  used on input line 1107.
(pdftex.def)             Requested size: 350.80833pt x 263.1056pt.
 [28] [29]
<figures/CPIAU_ashocks_nmp_before2007.png, id=654, 932.98563pt x 678.535pt>
File: figures/CPIAU_ashocks_nmp_before2007.png Graphic file (type png)
<use figures/CPIAU_ashocks_nmp_before2007.png>
Package pdftex.def Info: figures/CPIAU_ashocks_nmp_before2007.png  used on inpu
t line 1148.
(pdftex.def)             Requested size: 199.16928pt x 144.84682pt.
<figures/SPFFE_ashocks_nmp_before2007.png, id=655, 932.98563pt x 678.535pt>
File: figures/SPFFE_ashocks_nmp_before2007.png Graphic file (type png)
<use figures/SPFFE_ashocks_nmp_before2007.png>
Package pdftex.def Info: figures/SPFFE_ashocks_nmp_before2007.png  used on inpu
t line 1150.
(pdftex.def)             Requested size: 199.16928pt x 144.84682pt.
<figures/SPFDisg_ab_ashocks_nmp_before2007.png, id=656, 932.98563pt x 678.535pt
>
File: figures/SPFDisg_ab_ashocks_nmp_before2007.png Graphic file (type png)
<use figures/SPFDisg_ab_ashocks_nmp_before2007.png>
Package pdftex.def Info: figures/SPFDisg_ab_ashocks_nmp_before2007.png  used on
 input line 1152.
(pdftex.def)             Requested size: 199.16928pt x 144.84682pt.
<figures/CPIAU_ashocks_before2007.png, id=657, 932.98563pt x 678.535pt>
File: figures/CPIAU_ashocks_before2007.png Graphic file (type png)
<use figures/CPIAU_ashocks_before2007.png>
Package pdftex.def Info: figures/CPIAU_ashocks_before2007.png  used on input li
ne 1158.
(pdftex.def)             Requested size: 199.16928pt x 144.84682pt.
<figures/SPFFE_ashocks_before2007.png, id=658, 932.98563pt x 678.535pt>
File: figures/SPFFE_ashocks_before2007.png Graphic file (type png)
<use figures/SPFFE_ashocks_before2007.png>
Package pdftex.def Info: figures/SPFFE_ashocks_before2007.png  used on input li
ne 1160.
(pdftex.def)             Requested size: 199.16928pt x 144.84682pt.
<figures/SPFDisg_ab_ashocks_before2007.png, id=659, 932.98563pt x 678.535pt>
File: figures/SPFDisg_ab_ashocks_before2007.png Graphic file (type png)
<use figures/SPFDisg_ab_ashocks_before2007.png>
Package pdftex.def Info: figures/SPFDisg_ab_ashocks_before2007.png  used on inp
ut line 1162.
(pdftex.def)             Requested size: 199.16928pt x 144.84682pt.

Underfull \hbox (badness 10000) in paragraph at lines 1158--1163
[][]
 []


Underfull \hbox (badness 10000) in paragraph at lines 1158--1163
[]
 []


Overfull \hbox (16.97205pt too wide) in paragraph at lines 1145--1164
[][]    [] 
 []

[30]
<figures/Inf_ashocks_nmp.png, id=681, 932.98563pt x 678.535pt>
File: figures/Inf_ashocks_nmp.png Graphic file (type png)
<use figures/Inf_ashocks_nmp.png>
Package pdftex.def Info: figures/Inf_ashocks_nmp.png  used on input line 1193.
(pdftex.def)             Requested size: 199.16928pt x 144.84682pt.
<figures/SPFFE_ashocks_nmp.png, id=682, 932.98563pt x 678.535pt>
File: figures/SPFFE_ashocks_nmp.png Graphic file (type png)
<use figures/SPFFE_ashocks_nmp.png>
Package pdftex.def Info: figures/SPFFE_ashocks_nmp.png  used on input line 1195
.
(pdftex.def)             Requested size: 199.16928pt x 144.84682pt.
<figures/SPFDisg_ab_ashocks_nmp.png, id=683, 932.98563pt x 678.535pt>
File: figures/SPFDisg_ab_ashocks_nmp.png Graphic file (type png)
<use figures/SPFDisg_ab_ashocks_nmp.png>
Package pdftex.def Info: figures/SPFDisg_ab_ashocks_nmp.png  used on input line
 1197.
(pdftex.def)             Requested size: 199.16928pt x 144.84682pt.
<figures/SPFVar_ab_ashocks_nmp.png, id=684, 932.98563pt x 678.535pt>
File: figures/SPFVar_ab_ashocks_nmp.png Graphic file (type png)
<use figures/SPFVar_ab_ashocks_nmp.png>
Package pdftex.def Info: figures/SPFVar_ab_ashocks_nmp.png  used on input line 
1199.
(pdftex.def)             Requested size: 199.16928pt x 144.84682pt.
<figures/Inf_ashocks.png, id=685, 932.98563pt x 678.535pt>
File: figures/Inf_ashocks.png Graphic file (type png)
<use figures/Inf_ashocks.png>
Package pdftex.def Info: figures/Inf_ashocks.png  used on input line 1205.
(pdftex.def)             Requested size: 199.16928pt x 144.84682pt.
<figures/SPFFE_ashocks.png, id=686, 932.98563pt x 678.535pt>
File: figures/SPFFE_ashocks.png Graphic file (type png)
<use figures/SPFFE_ashocks.png>
Package pdftex.def Info: figures/SPFFE_ashocks.png  used on input line 1207.
(pdftex.def)             Requested size: 199.16928pt x 144.84682pt.
<figures/SPFDisg_ab_ashocks.png, id=687, 932.98563pt x 678.535pt>
File: figures/SPFDisg_ab_ashocks.png Graphic file (type png)
<use figures/SPFDisg_ab_ashocks.png>
Package pdftex.def Info: figures/SPFDisg_ab_ashocks.png  used on input line 120
9.
(pdftex.def)             Requested size: 199.16928pt x 144.84682pt.
<figures/SPFVar_ab_ashocks.png, id=688, 932.98563pt x 678.535pt>
File: figures/SPFVar_ab_ashocks.png Graphic file (type png)
<use figures/SPFVar_ab_ashocks.png>
Package pdftex.def Info: figures/SPFVar_ab_ashocks.png  used on input line 1211
.
(pdftex.def)             Requested size: 199.16928pt x 144.84682pt.

Underfull \hbox (badness 10000) in paragraph at lines 1205--1212
[][]
 []


Underfull \hbox (badness 10000) in paragraph at lines 1205--1212
[]
 []


Underfull \hbox (badness 10000) in paragraph at lines 1205--1212
[]
 []


Overfull \hbox (16.97205pt too wide) in paragraph at lines 1190--1213
[][]    [] 
 []

[31]
<figures/CPIAU_ashocks_nmpM.png, id=705, 932.98563pt x 678.535pt>
File: figures/CPIAU_ashocks_nmpM.png Graphic file (type png)
<use figures/CPIAU_ashocks_nmpM.png>
Package pdftex.def Info: figures/CPIAU_ashocks_nmpM.png  used on input line 124
2.
(pdftex.def)             Requested size: 128.02611pt x 99.58089pt.
<figures/SCEFE_ashocks_nmpM.png, id=706, 932.98563pt x 678.535pt>
File: figures/SCEFE_ashocks_nmpM.png Graphic file (type png)
<use figures/SCEFE_ashocks_nmpM.png>
Package pdftex.def Info: figures/SCEFE_ashocks_nmpM.png  used on input line 124
4.
(pdftex.def)             Requested size: 128.02611pt x 99.58089pt.
<figures/SCEDisg_ab_ashocks_nmpM.png, id=707, 932.98563pt x 678.535pt>
File: figures/SCEDisg_ab_ashocks_nmpM.png Graphic file (type png)
<use figures/SCEDisg_ab_ashocks_nmpM.png>
Package pdftex.def Info: figures/SCEDisg_ab_ashocks_nmpM.png  used on input lin
e 1246.
(pdftex.def)             Requested size: 128.02611pt x 99.58089pt.
<figures/SCEVar_ab_ashocks_nmpM.png, id=708, 932.98563pt x 678.535pt>
File: figures/SCEVar_ab_ashocks_nmpM.png Graphic file (type png)
<use figures/SCEVar_ab_ashocks_nmpM.png>
Package pdftex.def Info: figures/SCEVar_ab_ashocks_nmpM.png  used on input line
 1248.
(pdftex.def)             Requested size: 128.02611pt x 99.58089pt.
<figures/CPIAU_ashocksM.png, id=709, 932.98563pt x 678.535pt>
File: figures/CPIAU_ashocksM.png Graphic file (type png)
<use figures/CPIAU_ashocksM.png>
Package pdftex.def Info: figures/CPIAU_ashocksM.png  used on input line 1254.
(pdftex.def)             Requested size: 256.06645pt x 99.58089pt.
<figures/SCEFE_ashocksM.png, id=710, 932.98563pt x 678.535pt>
File: figures/SCEFE_ashocksM.png Graphic file (type png)
<use figures/SCEFE_ashocksM.png>
Package pdftex.def Info: figures/SCEFE_ashocksM.png  used on input line 1256.
(pdftex.def)             Requested size: 256.06645pt x 99.58089pt.
<figures/SCEDisg_ab_ashocksM.png, id=711, 932.98563pt x 678.535pt>
File: figures/SCEDisg_ab_ashocksM.png Graphic file (type png)
<use figures/SCEDisg_ab_ashocksM.png>
Package pdftex.def Info: figures/SCEDisg_ab_ashocksM.png  used on input line 12
58.
(pdftex.def)             Requested size: 256.06645pt x 99.58089pt.
<figures/SCEVar_ab_ashocksM.png, id=712, 932.98563pt x 678.535pt>
File: figures/SCEVar_ab_ashocksM.png Graphic file (type png)
<use figures/SCEVar_ab_ashocksM.png>
Package pdftex.def Info: figures/SCEVar_ab_ashocksM.png  used on input line 126
0.
(pdftex.def)             Requested size: 256.06645pt x 99.58089pt.

Overfull \hbox (2.61107pt too wide) in paragraph at lines 1239--1262
[][]  [] 
 []

[32] [33] (./InfVar.bbl [34] [35] [36])
Package atveryend Info: Empty hook `BeforeClearDocument' on input line 1332.
 [37] [38 <./figures/ni_illustration.png>] [39 <./figures/ir_popseni.png>] [40 
<./figures/rigidity.png>] [41 <./figures/Inf1yf_CPICore_varSPFCPIQ.png> <./figu
res/Inf1yf_PCECore_varSPFPCEQ.png> <./figures/Inf1yf_CPIAU_varSCEM.png> <./figu
res/SPFCPI_abFE_varSPFCPIQ.png> <./figures/SPFPCE_abFE_varSPFPCEQ.png> <./figur
es/SCE_abFE_varSCEM.png> <./figures/CORECPI_disg_varSPFCPIQ.png> <./figures/COR
EPCE_disg_varSPFPCEQ.png> <./figures/Q9_disg_varSCEM.png>] [42 <./figures/IQRme
anCPIQ.png> <./figures/IQRmeanPCEQ.png> <./figures/IQRmeanSCEM.png> <./figures/
IQRvarCPIQ.png> <./figures/IQRvarPCEQ.png> <./figures/IQRvarSCEM.png>] [43 <./f
igures/PRCCPIMean1_hist.png> <./figures/PRCPCEMean1_hist.png> <./figures/SCEmea
n_hist.png> <./figures/PRCCPIVar1_hist.png> <./figures/PRCPCEVar1_hist.png> <./
figures/SCEvar_hist.png>] [44 <./figures/PRCCPIMean01_rv_true_hist.png> <./figu
res/PRCPCEMean01_rv_true_hist.png> <./figures/PRCCPIVar01_rv_true_hist.png> <./
figures/PRCPCEVar01_rv_true_hist.png>]
[45] [46] [47 <./figures/inf_shocksQ.png>] [48 <./figures/CPIAU_ashocks_nmp_bef
ore2007.png> <./figures/SPFFE_ashocks_nmp_before2007.png> <./figures/SPFDisg_ab
_ashocks_nmp_before2007.png> <./figures/CPIAU_ashocks_before2007.png> <./figure
s/SPFFE_ashocks_before2007.png> <./figures/SPFDisg_ab_ashocks_before2007.png>]
[49 <./figures/Inf_ashocks_nmp.png> <./figures/SPFFE_ashocks_nmp.png> <./figure
s/SPFDisg_ab_ashocks_nmp.png> <./figures/SPFVar_ab_ashocks_nmp.png> <./figures/
Inf_ashocks.png> <./figures/SPFFE_ashocks.png> <./figures/SPFDisg_ab_ashocks.pn
g> <./figures/SPFVar_ab_ashocks.png>] [50 <./figures/CPIAU_ashocks_nmpM.png> <.
/figures/SCEFE_ashocks_nmpM.png> <./figures/SCEDisg_ab_ashocks_nmpM.png> <./fig
ures/SCEVar_ab_ashocks_nmpM.png> <./figures/CPIAU_ashocksM.png> <./figures/SCEF
E_ashocksM.png> <./figures/SCEDisg_ab_ashocksM.png> <./figures/SCEVar_ab_ashock
sM.png>]
Package atveryend Info: Empty hook `AfterLastShipout' on input line 1332.
 (./InfVar.aux)
Package atveryend Info: Executing hook `AtVeryEndDocument' on input line 1332.
Package atveryend Info: Executing hook `AtEndAfterFileList' on input line 1332.

Package rerunfilecheck Info: File `InfVar.out' has not changed.
(rerunfilecheck)             Checksum: 815D0AE8125B84667963A4C4F1AE9EE2;1928.


LaTeX Warning: There were undefined references.

Package atveryend Info: Empty hook `AtVeryVeryEnd' on input line 1332.
 ) 
Here is how much of TeX's memory you used:
 9506 strings out of 492616
 149710 string characters out of 6129482
 331090 words of memory out of 5000000
 13039 multiletter control sequences out of 15000+600000
 11115 words of font info for 40 fonts, out of 8000000 for 9000
 1141 hyphenation exceptions out of 8191
 53i,20n,92p,1580b,628s stack positions out of 5000i,500n,10000p,200000b,80000s
</usr/local/texlive/2019/texmf-dist/fonts/type1/public/amsfonts/cm/cmbx10.pfb
></usr/local/texlive/2019/texmf-dist/fonts/type1/public/amsfonts/cm/cmbx12.pfb>
</usr/local/texlive/2019/texmf-dist/fonts/type1/public/amsfonts/cm/cmex10.pfb><
/usr/local/texlive/2019/texmf-dist/fonts/type1/public/amsfonts/cmextra/cmex8.pf
b></usr/local/texlive/2019/texmf-dist/fonts/type1/public/amsfonts/cm/cmmi10.pfb
></usr/local/texlive/2019/texmf-dist/fonts/type1/public/amsfonts/cm/cmmi12.pfb>
</usr/local/texlive/2019/texmf-dist/fonts/type1/public/amsfonts/cm/cmmi6.pfb></
usr/local/texlive/2019/texmf-dist/fonts/type1/public/amsfonts/cm/cmmi7.pfb></us
r/local/texlive/2019/texmf-dist/fonts/type1/public/amsfonts/cm/cmmi8.pfb></usr/
local/texlive/2019/texmf-dist/fonts/type1/public/amsfonts/cm/cmr10.pfb></usr/lo
cal/texlive/2019/texmf-dist/fonts/type1/public/amsfonts/cm/cmr12.pfb></usr/loca
l/texlive/2019/texmf-dist/fonts/type1/public/amsfonts/cm/cmr17.pfb></usr/local/
texlive/2019/texmf-dist/fonts/type1/public/amsfonts/cm/cmr6.pfb></usr/local/tex
live/2019/texmf-dist/fonts/type1/public/amsfonts/cm/cmr7.pfb></usr/local/texliv
e/2019/texmf-dist/fonts/type1/public/amsfonts/cm/cmr8.pfb></usr/local/texlive/2
019/texmf-dist/fonts/type1/public/amsfonts/cm/cmsy10.pfb></usr/local/texlive/20
19/texmf-dist/fonts/type1/public/amsfonts/cm/cmsy7.pfb></usr/local/texlive/2019
/texmf-dist/fonts/type1/public/amsfonts/cm/cmsy8.pfb></usr/local/texlive/2019/t
exmf-dist/fonts/type1/public/amsfonts/cm/cmti12.pfb>
Output written on InfVar.pdf (50 pages, 5452597 bytes).
PDF statistics:
 976 PDF objects out of 1000 (max. 8388607)
 795 compressed objects within 8 object streams
 225 named destinations out of 1000 (max. 500000)
 456 words of extra memory for PDF output out of 10000 (max. 10000000)

