\BOOKMARK [1][-]{section.1}{Introduction}{}% 1
\BOOKMARK [2][-]{subsection.1.1}{Related Literature}{section.1}% 2
\BOOKMARK [1][-]{section.2}{Theories of Expectation Formation}{}% 3
\BOOKMARK [2][-]{subsection.2.1}{Definition of moments}{section.2}% 4
\BOOKMARK [2][-]{subsection.2.2}{Benchmark of full-information rational expectation\(FIRE\)}{section.2}% 5
\BOOKMARK [2][-]{subsection.2.3}{Sticky Expectation \(SE\)}{section.2}% 6
\BOOKMARK [3][-]{subsubsection.2.3.1}{Summary of predictions of SE}{subsection.2.3}% 7
\BOOKMARK [2][-]{subsection.2.4}{Noisy information\(NI\)}{section.2}% 8
\BOOKMARK [3][-]{subsubsection.2.4.1}{Summary of predictions from noisy information}{subsection.2.4}% 9
\BOOKMARK [2][-]{subsection.2.5}{Diagnostic Expectations \(DE\)}{section.2}% 10
\BOOKMARK [2][-]{subsection.2.6}{Comparing Different Theories}{section.2}% 11
\BOOKMARK [2][-]{subsection.2.7}{Stochastic volatility model of inflation}{section.2}% 12
\BOOKMARK [1][-]{section.3}{Empirical Results}{}% 13
\BOOKMARK [2][-]{subsection.3.1}{Data}{section.3}% 14
\BOOKMARK [2][-]{subsection.3.2}{Stylized facts}{section.3}% 15
\BOOKMARK [2][-]{subsection.3.3}{Test of null hypothesis of rational expectation}{section.3}% 16
\BOOKMARK [1][-]{section.4}{Shock-based Estimates of Expectation Rigidity }{}% 17
\BOOKMARK [2][-]{subsection.4.1}{Forecast errors and disagreement}{section.4}% 18
\BOOKMARK [2][-]{subsection.4.2}{Additional evidence from uncertainty}{section.4}% 19
\BOOKMARK [2][-]{subsection.4.3}{Evidence from households}{section.4}% 20
\BOOKMARK [2][-]{subsection.4.4}{Discussion of the results}{section.4}% 21
\BOOKMARK [1][-]{section.5}{Simulated Method of Moments Estimation of different models}{}% 22
\BOOKMARK [2][-]{subsection.5.1}{Moments matching and parameter estimates}{section.5}% 23
\BOOKMARK [2][-]{subsection.5.2}{The scoring card of different theories}{section.5}% 24
\BOOKMARK [1][-]{section.6}{Conlusion}{}% 25
